[20332:30420:0625/171505.389:INFO:components\enterprise\browser\controller\chrome_browser_cloud_management_controller.cc:202] No machine level policy manager exists.
[27068:27528:0625/171505.676:INFO:third_party\webrtc\rtc_base\cpu_info.cc:57] Available number of cores: 20
[7112:7248:0625/171505.746:INFO:third_party\webrtc\rtc_base\cpu_info.cc:57] Available number of cores: 20
[532:29408:0625/171506.641:VERBOSE1:components\viz\service\main\viz_main_impl.cc:86] VizNullHypothesis is disabled (not a warning)
[20872:28440:0625/171506.828:INFO:third_party\webrtc\rtc_base\cpu_info.cc:57] Available number of cores: 20
[27304:27288:0625/171506.930:INFO:third_party\webrtc\rtc_base\cpu_info.cc:57] Available number of cores: 20
[532:29408:0625/171510.271:ERROR:gpu\command_buffer\service\gles2_cmd_decoder_passthrough.cc:1095] [GroupMarkerNotSet(crbug.com/242999)!:A0702A005C740000]Automatic fallback to software WebGL has been deprecated. Please use the --enable-unsafe-swiftshader (about:flags#enable-unsafe-swiftshader) flag to opt in to lower security guarantees for trusted content.
[20332:30420:0625/171510.275:INFO:CONSOLE:0] "[GroupMarkerNotSet(crbug.com/242999)!:A0702A005C740000]Automatic fallback to software WebGL has been deprecated. Please use the --enable-unsafe-swiftshader (about:flags#enable-unsafe-swiftshader) flag to opt in to lower security guarantees for trusted content.", source: https://cfe.m.jd.com/privatedomain/risk_handler/03101900/?returnurl=https%3A%2F%2Forder.jd.com%2Fcenter%2Flist.action&evtype=2&rpid=rp-188541252-10244-1750842908611 (0)
[532:29408:0625/171510.999:ERROR:gpu\command_buffer\service\gles2_cmd_decoder_passthrough.cc:1095] [GroupMarkerNotSet(crbug.com/242999)!:A0702A005C740000]Automatic fallback to software WebGL has been deprecated. Please use the --enable-unsafe-swiftshader (about:flags#enable-unsafe-swiftshader) flag to opt in to lower security guarantees for trusted content.
[532:29408:0625/171511.003:ERROR:gpu\command_buffer\service\gles2_cmd_decoder_passthrough.cc:1095] [GroupMarkerNotSet(crbug.com/242999)!:A0A02A005C740000]Automatic fallback to software WebGL has been deprecated. Please use the --enable-unsafe-swiftshader (about:flags#enable-unsafe-swiftshader) flag to opt in to lower security guarantees for trusted content.
[532:29408:0625/171511.009:ERROR:gpu\command_buffer\service\gl_utils.cc:443] [.WebGL-0x770c02cd9500]GL Driver Message (OpenGL, Performance, GL_CLOSE_PATH_NV, High): GPU stall due to ReadPixels
[20332:30420:0625/171511.157:INFO:CONSOLE:0] "[GroupMarkerNotSet(crbug.com/242999)!:A0702A005C740000]Automatic fallback to software WebGL has been deprecated. Please use the --enable-unsafe-swiftshader (about:flags#enable-unsafe-swiftshader) flag to opt in to lower security guarantees for trusted content.", source: https://cfe.m.jd.com/privatedomain/risk_handler/03101900/?returnurl=https%3A%2F%2Forder.jd.com%2Fcenter%2Flist.action&evtype=2&rpid=rp-188541252-10244-1750842908611 (0)
[20332:30420:0625/171511.157:INFO:CONSOLE:0] "[GroupMarkerNotSet(crbug.com/242999)!:A0A02A005C740000]Automatic fallback to software WebGL has been deprecated. Please use the --enable-unsafe-swiftshader (about:flags#enable-unsafe-swiftshader) flag to opt in to lower security guarantees for trusted content.", source: https://cfe.m.jd.com/privatedomain/risk_handler/03101900/?returnurl=https%3A%2F%2Forder.jd.com%2Fcenter%2Flist.action&evtype=2&rpid=rp-188541252-10244-1750842908611 (0)
[20332:30420:0625/171511.157:INFO:CONSOLE:0] "[.WebGL-0x770c02cd9500]GL Driver Message (OpenGL, Performance, GL_CLOSE_PATH_NV, High): GPU stall due to ReadPixels", source: https://cfe.m.jd.com/privatedomain/risk_handler/03101900/?returnurl=https%3A%2F%2Forder.jd.com%2Fcenter%2Flist.action&evtype=2&rpid=rp-188541252-10244-1750842908611 (0)
[20332:30420:0625/171513.527:INFO:CONSOLE:0] "Access to XMLHttpRequest at 'https://blackhole.m.jd.com/bypass' from origin 'https://cfe.m.jd.com' has been blocked by CORS policy: The value of the 'Access-Control-Allow-Origin' header in the response must not be the wildcard '*' when the request's credentials mode is 'include'. The credentials mode of requests initiated by the XMLHttpRequest is controlled by the withCredentials attribute.", source: https://cfe.m.jd.com/privatedomain/risk_handler/03101900/?returnurl=https%3A%2F%2Forder.jd.com%2Fcenter%2Flist.action&evtype=2&rpid=rp-188541252-10244-1750842908611 (0)
[532:29408:0625/171514.666:ERROR:gpu\command_buffer\service\gles2_cmd_decoder_passthrough.cc:1095] [GroupMarkerNotSet(crbug.com/242999)!:A0402A005C740000]Automatic fallback to software WebGL has been deprecated. Please use the --enable-unsafe-swiftshader (about:flags#enable-unsafe-swiftshader) flag to opt in to lower security guarantees for trusted content.
[532:29408:0625/171514.670:ERROR:gpu\command_buffer\service\gles2_cmd_decoder_passthrough.cc:1095] [GroupMarkerNotSet(crbug.com/242999)!:A0702A005C740000]Automatic fallback to software WebGL has been deprecated. Please use the --enable-unsafe-swiftshader (about:flags#enable-unsafe-swiftshader) flag to opt in to lower security guarantees for trusted content.
[532:29408:0625/171514.674:ERROR:gpu\command_buffer\service\gl_utils.cc:443] [.WebGL-0x770c01986a00]GL Driver Message (OpenGL, Performance, GL_CLOSE_PATH_NV, High): GPU stall due to ReadPixels
[532:29408:0625/171514.725:ERROR:gpu\command_buffer\service\gles2_cmd_decoder_passthrough.cc:1095] [GroupMarkerNotSet(crbug.com/242999)!:A0A02A005C740000]Automatic fallback to software WebGL has been deprecated. Please use the --enable-unsafe-swiftshader (about:flags#enable-unsafe-swiftshader) flag to opt in to lower security guarantees for trusted content.
[532:29408:0625/171514.728:ERROR:gpu\command_buffer\service\gles2_cmd_decoder_passthrough.cc:1095] [GroupMarkerNotSet(crbug.com/242999)!:A0D02A005C740000]Automatic fallback to software WebGL has been deprecated. Please use the --enable-unsafe-swiftshader (about:flags#enable-unsafe-swiftshader) flag to opt in to lower security guarantees for trusted content.
[20332:30420:0625/171514.738:INFO:CONSOLE:0] "[GroupMarkerNotSet(crbug.com/242999)!:A0402A005C740000]Automatic fallback to software WebGL has been deprecated. Please use the --enable-unsafe-swiftshader (about:flags#enable-unsafe-swiftshader) flag to opt in to lower security guarantees for trusted content.", source: https://cfe.m.jd.com/privatedomain/risk_handler/03101900/?returnurl=https%3A%2F%2Forder.jd.com%2Fcenter%2Flist.action&evtype=2&rpid=rp-188541252-10244-1750842908611 (0)
[20332:30420:0625/171514.738:INFO:CONSOLE:0] "[GroupMarkerNotSet(crbug.com/242999)!:A0702A005C740000]Automatic fallback to software WebGL has been deprecated. Please use the --enable-unsafe-swiftshader (about:flags#enable-unsafe-swiftshader) flag to opt in to lower security guarantees for trusted content.", source: https://cfe.m.jd.com/privatedomain/risk_handler/03101900/?returnurl=https%3A%2F%2Forder.jd.com%2Fcenter%2Flist.action&evtype=2&rpid=rp-188541252-10244-1750842908611 (0)
[20332:30420:0625/171514.738:INFO:CONSOLE:0] "[.WebGL-0x770c01986a00]GL Driver Message (OpenGL, Performance, GL_CLOSE_PATH_NV, High): GPU stall due to ReadPixels", source: https://cfe.m.jd.com/privatedomain/risk_handler/03101900/?returnurl=https%3A%2F%2Forder.jd.com%2Fcenter%2Flist.action&evtype=2&rpid=rp-188541252-10244-1750842908611 (0)
[20332:30420:0625/171514.738:INFO:CONSOLE:0] "[GroupMarkerNotSet(crbug.com/242999)!:A0A02A005C740000]Automatic fallback to software WebGL has been deprecated. Please use the --enable-unsafe-swiftshader (about:flags#enable-unsafe-swiftshader) flag to opt in to lower security guarantees for trusted content.", source: https://cfe.m.jd.com/privatedomain/risk_handler/03101900/?returnurl=https%3A%2F%2Forder.jd.com%2Fcenter%2Flist.action&evtype=2&rpid=rp-188541252-10244-1750842908611 (0)
[20332:30420:0625/171514.738:INFO:CONSOLE:0] "[GroupMarkerNotSet(crbug.com/242999)!:A0D02A005C740000]Automatic fallback to software WebGL has been deprecated. Please use the --enable-unsafe-swiftshader (about:flags#enable-unsafe-swiftshader) flag to opt in to lower security guarantees for trusted content.", source: https://cfe.m.jd.com/privatedomain/risk_handler/03101900/?returnurl=https%3A%2F%2Forder.jd.com%2Fcenter%2Flist.action&evtype=2&rpid=rp-188541252-10244-1750842908611 (0)
[20332:24860:0625/171515.777:ERROR:google_apis\gcm\engine\registration_request.cc:291] Registration response error message: DEPRECATED_ENDPOINT
[20332:30420:0625/171516.330:INFO:CONSOLE:0] "Access to XMLHttpRequest at 'https://jcapmonitor.m.jd.com/web_jcap_report?appID=&uid=&sid=GYcCiAACAAAAAHNluQoAMEiGvwyHPs8_8TPZWtb3GgfP0pGYUSR9vUrGjVe0tFr7HhoW6uVQg8KM-gAHX9vL8wAAAAA&interfaceId=268435460&fp=gZ-DV3IhUnrLfE-NdO_vPWRrFe2oYhErZ6RGWTd8KS0WOkOfpY2NaQvYvh-e_ZRuLPiLIW-v3GOcY5PF5z7gnQ%3D%3D&os=pc&netType=unknown&status=0&callTime=866' from origin 'https://cfe.m.jd.com' has been blocked by CORS policy: The value of the 'Access-Control-Allow-Origin' header in the response must not be the wildcard '*' when the request's credentials mode is 'include'. The credentials mode of requests initiated by the XMLHttpRequest is controlled by the withCredentials attribute.", source: https://cfe.m.jd.com/privatedomain/risk_handler/03101900/?returnurl=https%3A%2F%2Forder.jd.com%2Fcenter%2Flist.action&evtype=2&rpid=rp-188541252-10244-1750842908611 (0)
[20332:30420:0625/171517.994:INFO:CONSOLE:0] "Access to XMLHttpRequest at 'https://jcapmonitor.m.jd.com/web_jcap_report?appID=&uid=&sid=GYcCiAACAAAAAHNluQoAMEiGvwyHPs8_8TPZWtb3GgfP0pGYUSR9vUrGjVe0tFr7HhoW6uVQg8KM-gAHX9vL8wAAAAA&interfaceId=268435458&fp=%7B%7D&os=pc&netType=unknown&status=0&callTime=282' from origin 'https://cfe.m.jd.com' has been blocked by CORS policy: The value of the 'Access-Control-Allow-Origin' header in the response must not be the wildcard '*' when the request's credentials mode is 'include'. The credentials mode of requests initiated by the XMLHttpRequest is controlled by the withCredentials attribute.", source: https://cfe.m.jd.com/privatedomain/risk_handler/03101900/?returnurl=https%3A%2F%2Forder.jd.com%2Fcenter%2Flist.action&evtype=2&rpid=rp-188541252-10244-1750842908611 (0)
[20332:30420:0625/171518.864:INFO:CONSOLE:0] "Access to XMLHttpRequest at 'https://jcapmonitor.m.jd.com/web_jcap_report?appID=&uid=&sid=GYcCiAACAAAAAHNluQoAMEiGvwyHPs8_8TPZWtb3GgfP0pGYUSR9vUrGjVe0tFr7HhoW6uVQg8KM-gAHX9vL8wAAAAA&interfaceId=268435460&fp=gZ-DV3IhUnrLfE-NdO_vPWRrFe2oYhErZ6RGWTd8KS0WOkOfpY2NaQvYvh-e_ZRuLPiLIW-v3GOcY5PF5z7gnQ%3D%3D&os=pc&netType=unknown&status=0&callTime=265' from origin 'https://cfe.m.jd.com' has been blocked by CORS policy: The value of the 'Access-Control-Allow-Origin' header in the response must not be the wildcard '*' when the request's credentials mode is 'include'. The credentials mode of requests initiated by the XMLHttpRequest is controlled by the withCredentials attribute.", source: https://cfe.m.jd.com/privatedomain/risk_handler/03101900/?returnurl=https%3A%2F%2Forder.jd.com%2Fcenter%2Flist.action&evtype=2&rpid=rp-188541252-10244-1750842908611 (0)
[20332:30420:0625/171522.345:INFO:CONSOLE:0] "Access to XMLHttpRequest at 'https://blackhole.m.jd.com/bypass' from origin 'https://cfe.m.jd.com' has been blocked by CORS policy: The value of the 'Access-Control-Allow-Origin' header in the response must not be the wildcard '*' when the request's credentials mode is 'include'. The credentials mode of requests initiated by the XMLHttpRequest is controlled by the withCredentials attribute.", source: https://cfe.m.jd.com/privatedomain/risk_handler/03101900/?returnurl=https%3A%2F%2Forder.jd.com%2Fcenter%2Flist.action&evtype=2&rpid=rp-188046404-10048-1750842920552 (0)
[532:29408:0625/171522.653:ERROR:gpu\command_buffer\service\gles2_cmd_decoder_passthrough.cc:1095] [GroupMarkerNotSet(crbug.com/242999)!:A0D02A005C740000]Automatic fallback to software WebGL has been deprecated. Please use the --enable-unsafe-swiftshader (about:flags#enable-unsafe-swiftshader) flag to opt in to lower security guarantees for trusted content.
[532:29408:0625/171522.658:ERROR:gpu\command_buffer\service\gles2_cmd_decoder_passthrough.cc:1095] [GroupMarkerNotSet(crbug.com/242999)!:A0A02A005C740000]Automatic fallback to software WebGL has been deprecated. Please use the --enable-unsafe-swiftshader (about:flags#enable-unsafe-swiftshader) flag to opt in to lower security guarantees for trusted content.
[532:29408:0625/171522.662:ERROR:gpu\command_buffer\service\gl_utils.cc:443] [.WebGL-0x770c0013b800]GL Driver Message (OpenGL, Performance, GL_CLOSE_PATH_NV, High): GPU stall due to ReadPixels
[532:29408:0625/171522.681:ERROR:gpu\command_buffer\service\gles2_cmd_decoder_passthrough.cc:1095] [GroupMarkerNotSet(crbug.com/242999)!:A0702A005C740000]Automatic fallback to software WebGL has been deprecated. Please use the --enable-unsafe-swiftshader (about:flags#enable-unsafe-swiftshader) flag to opt in to lower security guarantees for trusted content.
[532:29408:0625/171522.684:ERROR:gpu\command_buffer\service\gles2_cmd_decoder_passthrough.cc:1095] [GroupMarkerNotSet(crbug.com/242999)!:A0402A005C740000]Automatic fallback to software WebGL has been deprecated. Please use the --enable-unsafe-swiftshader (about:flags#enable-unsafe-swiftshader) flag to opt in to lower security guarantees for trusted content.
[20332:30420:0625/171522.688:INFO:CONSOLE:0] "[GroupMarkerNotSet(crbug.com/242999)!:A0D02A005C740000]Automatic fallback to software WebGL has been deprecated. Please use the --enable-unsafe-swiftshader (about:flags#enable-unsafe-swiftshader) flag to opt in to lower security guarantees for trusted content.", source: https://cfe.m.jd.com/privatedomain/risk_handler/03101900/?returnurl=https%3A%2F%2Forder.jd.com%2Fcenter%2Flist.action&evtype=2&rpid=rp-188046404-10048-1750842920552 (0)
[20332:30420:0625/171522.688:INFO:CONSOLE:0] "[GroupMarkerNotSet(crbug.com/242999)!:A0A02A005C740000]Automatic fallback to software WebGL has been deprecated. Please use the --enable-unsafe-swiftshader (about:flags#enable-unsafe-swiftshader) flag to opt in to lower security guarantees for trusted content.", source: https://cfe.m.jd.com/privatedomain/risk_handler/03101900/?returnurl=https%3A%2F%2Forder.jd.com%2Fcenter%2Flist.action&evtype=2&rpid=rp-188046404-10048-1750842920552 (0)
[20332:30420:0625/171522.688:INFO:CONSOLE:0] "[.WebGL-0x770c0013b800]GL Driver Message (OpenGL, Performance, GL_CLOSE_PATH_NV, High): GPU stall due to ReadPixels", source: https://cfe.m.jd.com/privatedomain/risk_handler/03101900/?returnurl=https%3A%2F%2Forder.jd.com%2Fcenter%2Flist.action&evtype=2&rpid=rp-188046404-10048-1750842920552 (0)
[20332:30420:0625/171522.688:INFO:CONSOLE:0] "[GroupMarkerNotSet(crbug.com/242999)!:A0702A005C740000]Automatic fallback to software WebGL has been deprecated. Please use the --enable-unsafe-swiftshader (about:flags#enable-unsafe-swiftshader) flag to opt in to lower security guarantees for trusted content.", source: https://cfe.m.jd.com/privatedomain/risk_handler/03101900/?returnurl=https%3A%2F%2Forder.jd.com%2Fcenter%2Flist.action&evtype=2&rpid=rp-188046404-10048-1750842920552 (0)
[20332:30420:0625/171522.688:INFO:CONSOLE:0] "[GroupMarkerNotSet(crbug.com/242999)!:A0402A005C740000]Automatic fallback to software WebGL has been deprecated. Please use the --enable-unsafe-swiftshader (about:flags#enable-unsafe-swiftshader) flag to opt in to lower security guarantees for trusted content.", source: https://cfe.m.jd.com/privatedomain/risk_handler/03101900/?returnurl=https%3A%2F%2Forder.jd.com%2Fcenter%2Flist.action&evtype=2&rpid=rp-188046404-10048-1750842920552 (0)
[20332:30420:0625/171523.324:INFO:CONSOLE:0] "Access to XMLHttpRequest at 'https://jcapmonitor.m.jd.com/web_jcap_report?appID=&uid=&sid=HZqrcgACAAAAAFWxUtoAMLnJ51yUcRKzsJrd2zTe4q0YLE5pyQoSBuPmZpYZ0VGvsN7W6lDdpIdZYLAfNr0sggAAAAA&interfaceId=268435458&fp=gZ-DV3IhUnrLfE-NdO_vPWRrFe2oYhErZ6RGWTd8KS0WOkOfpY2NaQvYvh-e_ZRuLPiLIW-v3GOcY5PF5z7gnQ%3D%3D&os=pc&netType=unknown&status=0&callTime=328' from origin 'https://cfe.m.jd.com' has been blocked by CORS policy: The value of the 'Access-Control-Allow-Origin' header in the response must not be the wildcard '*' when the request's credentials mode is 'include'. The credentials mode of requests initiated by the XMLHttpRequest is controlled by the withCredentials attribute.", source: https://cfe.m.jd.com/privatedomain/risk_handler/03101900/?returnurl=https%3A%2F%2Forder.jd.com%2Fcenter%2Flist.action&evtype=2&rpid=rp-188046404-10048-1750842920552 (0)
[20332:30420:0625/171525.686:INFO:CONSOLE:0] "Access to XMLHttpRequest at 'https://jcapmonitor.m.jd.com/web_jcap_report?appID=&uid=&sid=HZqrcgACAAAAAFWxUtoAMLnJ51yUcRKzsJrd2zTe4q0YLE5pyQoSBuPmZpYZ0VGvsN7W6lDdpIdZYLAfNr0sggAAAAA&interfaceId=268435460&fp=gZ-DV3IhUnrLfE-NdO_vPWRrFe2oYhErZ6RGWTd8KS0WOkOfpY2NaQvYvh-e_ZRuLPiLIW-v3GOcY5PF5z7gnQ%3D%3D&os=pc&netType=unknown&status=0&callTime=256' from origin 'https://cfe.m.jd.com' has been blocked by CORS policy: The value of the 'Access-Control-Allow-Origin' header in the response must not be the wildcard '*' when the request's credentials mode is 'include'. The credentials mode of requests initiated by the XMLHttpRequest is controlled by the withCredentials attribute.", source: https://cfe.m.jd.com/privatedomain/risk_handler/03101900/?returnurl=https%3A%2F%2Forder.jd.com%2Fcenter%2Flist.action&evtype=2&rpid=rp-188046404-10048-1750842920552 (0)
[20332:30420:0625/171527.479:INFO:CONSOLE:0] "Access to XMLHttpRequest at 'https://jcapmonitor.m.jd.com/web_jcap_report?appID=&uid=&sid=HZqrcgACAAAAAFWxUtoAMLnJ51yUcRKzsJrd2zTe4q0YLE5pyQoSBuPmZpYZ0VGvsN7W6lDdpIdZYLAfNr0sggAAAAA&interfaceId=268435460&fp=gZ-DV3IhUnrLfE-NdO_vPWRrFe2oYhErZ6RGWTd8KS0WOkOfpY2NaQvYvh-e_ZRuLPiLIW-v3GOcY5PF5z7gnQ%3D%3D&os=pc&netType=unknown&status=0&callTime=363' from origin 'https://cfe.m.jd.com' has been blocked by CORS policy: The value of the 'Access-Control-Allow-Origin' header in the response must not be the wildcard '*' when the request's credentials mode is 'include'. The credentials mode of requests initiated by the XMLHttpRequest is controlled by the withCredentials attribute.", source: https://cfe.m.jd.com/privatedomain/risk_handler/03101900/?returnurl=https%3A%2F%2Forder.jd.com%2Fcenter%2Flist.action&evtype=2&rpid=rp-188046404-10048-1750842920552 (0)
[532:29408:0625/171530.099:ERROR:gpu\command_buffer\service\gles2_cmd_decoder_passthrough.cc:1095] [GroupMarkerNotSet(crbug.com/242999)!:A0B02F005C740000]Automatic fallback to software WebGL has been deprecated. Please use the --enable-unsafe-swiftshader (about:flags#enable-unsafe-swiftshader) flag to opt in to lower security guarantees for trusted content.
[532:29408:0625/171530.103:ERROR:gpu\command_buffer\service\gl_utils.cc:443] [.WebGL-0x770c02cd8e00]GL Driver Message (OpenGL, Performance, GL_CLOSE_PATH_NV, High): GPU stall due to ReadPixels (this message will no longer repeat)
[532:29408:0625/171530.120:ERROR:gpu\command_buffer\service\gles2_cmd_decoder_passthrough.cc:1095] [GroupMarkerNotSet(crbug.com/242999)!:A0802F005C740000]Automatic fallback to software WebGL has been deprecated. Please use the --enable-unsafe-swiftshader (about:flags#enable-unsafe-swiftshader) flag to opt in to lower security guarantees for trusted content.
[532:29408:0625/171530.124:ERROR:gpu\command_buffer\service\gles2_cmd_decoder_passthrough.cc:1095] [GroupMarkerNotSet(crbug.com/242999)!:A0E02F005C740000]Automatic fallback to software WebGL has been deprecated. Please use the --enable-unsafe-swiftshader (about:flags#enable-unsafe-swiftshader) flag to opt in to lower security guarantees for trusted content.
[20332:30420:0625/171530.132:INFO:CONSOLE:381] "[GroupMarkerNotSet(crbug.com/242999)!:A0B02F005C740000]Automatic fallback to software WebGL has been deprecated. Please use the --enable-unsafe-swiftshader (about:flags#enable-unsafe-swiftshader) flag to opt in to lower security guarantees for trusted content.", source: https://passport.jd.com/new/login.aspx?ReturnUrl=https%3A%2F%2Forder.jd.com%2Fcenter%2Flist.action (381)
[20332:30420:0625/171530.132:INFO:CONSOLE:381] "[.WebGL-0x770c02cd8e00]GL Driver Message (OpenGL, Performance, GL_CLOSE_PATH_NV, High): GPU stall due to ReadPixels (this message will no longer repeat)", source: https://passport.jd.com/new/login.aspx?ReturnUrl=https%3A%2F%2Forder.jd.com%2Fcenter%2Flist.action (381)
[20332:30420:0625/171530.132:INFO:CONSOLE:381] "[GroupMarkerNotSet(crbug.com/242999)!:A0802F005C740000]Automatic fallback to software WebGL has been deprecated. Please use the --enable-unsafe-swiftshader (about:flags#enable-unsafe-swiftshader) flag to opt in to lower security guarantees for trusted content.", source: https://passport.jd.com/new/login.aspx?ReturnUrl=https%3A%2F%2Forder.jd.com%2Fcenter%2Flist.action (381)
[20332:30420:0625/171530.132:INFO:CONSOLE:381] "[GroupMarkerNotSet(crbug.com/242999)!:A0E02F005C740000]Automatic fallback to software WebGL has been deprecated. Please use the --enable-unsafe-swiftshader (about:flags#enable-unsafe-swiftshader) flag to opt in to lower security guarantees for trusted content.", source: https://passport.jd.com/new/login.aspx?ReturnUrl=https%3A%2F%2Forder.jd.com%2Fcenter%2Flist.action (381)
[20332:30420:0625/171530.356:INFO:CONSOLE:3] "load js success!", source: https://storage.360buyimg.com/webcontainer/js_security_v3_0.1.8.js (3)
[532:29408:0625/171530.533:ERROR:gpu\command_buffer\service\gles2_cmd_decoder_passthrough.cc:1095] [GroupMarkerNotSet(crbug.com/242999)!:A0E02F005C740000]Automatic fallback to software WebGL has been deprecated. Please use the --enable-unsafe-swiftshader (about:flags#enable-unsafe-swiftshader) flag to opt in to lower security guarantees for trusted content.
[20332:30420:0625/171530.565:INFO:CONSOLE:5] "load rac js success!", source: https://storage.360buyimg.com/webcontainer/main/js_security_v3_main_0.1.8.js?v=20250625 (5)
[20332:30420:0625/171530.565:INFO:CONSOLE:0] "[GroupMarkerNotSet(crbug.com/242999)!:A0E02F005C740000]Automatic fallback to software WebGL has been deprecated. Please use the --enable-unsafe-swiftshader (about:flags#enable-unsafe-swiftshader) flag to opt in to lower security guarantees for trusted content.", source: https://passport.jd.com/new/login.aspx?ReturnUrl=https%3A%2F%2Forder.jd.com%2Fcenter%2Flist.action (0)
[532:29408:0625/171530.571:ERROR:gpu\command_buffer\service\gles2_cmd_decoder_passthrough.cc:1095] [GroupMarkerNotSet(crbug.com/242999)!:A0802F005C740000]Automatic fallback to software WebGL has been deprecated. Please use the --enable-unsafe-swiftshader (about:flags#enable-unsafe-swiftshader) flag to opt in to lower security guarantees for trusted content.
[20332:30420:0625/171530.591:INFO:CONSOLE:0] "[GroupMarkerNotSet(crbug.com/242999)!:A0802F005C740000]Automatic fallback to software WebGL has been deprecated. Please use the --enable-unsafe-swiftshader (about:flags#enable-unsafe-swiftshader) flag to opt in to lower security guarantees for trusted content.", source: https://passport.jd.com/new/login.aspx?ReturnUrl=https%3A%2F%2Forder.jd.com%2Fcenter%2Flist.action (0)
[20332:30420:0625/171530.713:INFO:CONSOLE:3] "Uncaught TypeError: n is not a function", source: https://storage.360buyimg.com/babelnode/jd-jssdk/4.6.4/jd-jssdk.js (3)
[20332:30420:0625/171530.714:INFO:CONSOLE:3] "Uncaught TypeError: n is not a function", source: https://storage.360buyimg.com/babelnode/jd-jssdk/4.6.4/jd-jssdk.js (3)
[20332:30420:0625/171530.714:INFO:CONSOLE:3] "Uncaught TypeError: n is not a function", source: https://storage.360buyimg.com/babelnode/jd-jssdk/4.6.4/jd-jssdk.js (3)
[532:29408:0625/171531.561:ERROR:gpu\command_buffer\service\gles2_cmd_decoder_passthrough.cc:1095] [GroupMarkerNotSet(crbug.com/242999)!:A0B02F005C740000]Automatic fallback to software WebGL has been deprecated. Please use the --enable-unsafe-swiftshader (about:flags#enable-unsafe-swiftshader) flag to opt in to lower security guarantees for trusted content.
[20332:30420:0625/171531.578:INFO:CONSOLE:0] "[GroupMarkerNotSet(crbug.com/242999)!:A0B02F005C740000]Automatic fallback to software WebGL has been deprecated. Please use the --enable-unsafe-swiftshader (about:flags#enable-unsafe-swiftshader) flag to opt in to lower security guarantees for trusted content.", source: https://passport.jd.com/new/login.aspx?ReturnUrl=https%3A%2F%2Forder.jd.com%2Fcenter%2Flist.action (0)
[24664:3616:0625/171536.872:ERROR:net\socket\ssl_client_socket_impl.cc:896] handshake failed; returned -1, SSL error code 1, net_error -101
[532:29408:0625/171538.242:ERROR:gpu\command_buffer\service\gles2_cmd_decoder_passthrough.cc:1095] [GroupMarkerNotSet(crbug.com/242999)!:A0802F005C740000]Automatic fallback to software WebGL has been deprecated. Please use the --enable-unsafe-swiftshader (about:flags#enable-unsafe-swiftshader) flag to opt in to lower security guarantees for trusted content.
[20872:30256:0625/171538.268:INFO:third_party\webrtc\api\video_codecs\sdp_video_format.cc:291] Matched SdpVideoFormat Codec name: VP9, parameters: { } with Codec name: VP9, parameters: { profile-id=0 }, scalability_modes: [L1T1, L1T2, L1T3, L2T1, L2T1h, L2T1_KEY, L2T2, L2T2h, L2T2_KEY, L2T2_KEY_SHIFT, L2T3, L2T3h, L2T3_KEY, L3T1, L3T1h, L3T1_KEY, L3T2, L3T2h, L3T2_KEY, L3T3, L3T3h, L3T3_KEY, S2T1, S2T1h, S2T2, S2T2h, S2T3, S2T3h, S3T1, S3T1h, S3T2, S3T2h, S3T3, S3T3h]
[20872:30256:0625/171538.268:INFO:third_party\webrtc\api\video_codecs\sdp_video_format.cc:291] Matched SdpVideoFormat Codec name: AV1, parameters: { } with Codec name: AV1, parameters: { level-idx=5 profile=0 tier=0 }, scalability_modes: [L1T1, L1T2, L1T3, L2T1, L2T1h, L2T1_KEY, L2T2, L2T2h, L2T2_KEY, L2T2_KEY_SHIFT, L2T3, L2T3h, L2T3_KEY, L3T1, L3T1h, L3T1_KEY, L3T2, L3T2h, L3T2_KEY, L3T3, L3T3h, L3T3_KEY, S2T1, S2T1h, S2T2, S2T2h, S2T3, S2T3h, S3T1, S3T1h, S3T2, S3T2h, S3T3, S3T3h]
[20872:30256:0625/171538.268:INFO:third_party\webrtc\api\video_codecs\sdp_video_format.cc:289] Failed to match SdpVideoFormat Codec name: H265, parameters: { }
[20872:30256:0625/171538.268:INFO:third_party\blink\renderer\modules\peerconnection\peer_connection_dependency_factory.cc:802] Running WebRTC with a combined Network and Worker thread.
[20872:30256:0625/171538.268:INFO:third_party\webrtc\media\engine\webrtc_voice_engine.cc:478] WebRtcVoiceEngine::WebRtcVoiceEngine
[20872:29624:0625/171538.268:INFO:third_party\webrtc\media\engine\webrtc_voice_engine.cc:500] WebRtcVoiceEngine::Init
[20872:29624:0625/171538.268:INFO:third_party\webrtc\media\engine\webrtc_voice_engine.cc:603] WebRtcVoiceEngine::ApplyOptions: AudioOptions {aec: 1, agc: 1, ns: 1, hf: 1, swap: 0, audio_jitter_buffer_max_packets: 200, audio_jitter_buffer_fast_accelerate: 0, audio_jitter_buffer_min_delay_ms: 0, }
[20872:29624:0625/171538.269:INFO:third_party\webrtc\pc\peer_connection_factory.cc:412] Using default network controller factory
[20872:29624:0625/171538.269:INFO:third_party\webrtc\modules\pacing\bitrate_prober.cc:54] Bandwidth probing enabled, set to inactive
[20872:29624:0625/171538.269:INFO:third_party\webrtc\modules\remote_bitrate_estimator\transport_sequence_number_feedback_generator.cc:52] Maximum interval between transport feedback RTCP messages: 250 ms
[20872:29624:0625/171538.269:INFO:third_party\webrtc\modules\remote_bitrate_estimator\aimd_rate_control.cc:88] Using aimd rate control with back off factor 0.85
[20872:29624:0625/171538.269:INFO:third_party\webrtc\modules\remote_bitrate_estimator\remote_bitrate_estimator_single_stream.cc:59] RemoteBitrateEstimatorSingleStream: Instantiating.
[20872:29624:0625/171538.270:INFO:third_party\webrtc\rtc_base\openssl_key_pair.cc:40] Making key pair
[20872:29624:0625/171538.270:INFO:third_party\webrtc\rtc_base\openssl_key_pair.cc:93] Returning key pair
[20872:29624:0625/171538.270:INFO:third_party\webrtc\rtc_base\boringssl_certificate.cc:193] Making certificate for WebRTC
[20872:29624:0625/171538.270:INFO:third_party\webrtc\rtc_base\boringssl_certificate.cc:249] Returning certificate
[20332:30420:0625/171538.272:INFO:CONSOLE:0] "[GroupMarkerNotSet(crbug.com/242999)!:A0802F005C740000]Automatic fallback to software WebGL has been deprecated. Please use the --enable-unsafe-swiftshader (about:flags#enable-unsafe-swiftshader) flag to opt in to lower security guarantees for trusted content.", source: https://passport.jd.com/new/login.aspx?ReturnUrl=https%3A%2F%2Forder.jd.com%2Fcenter%2Flist.action (0)
[20872:29624:0625/171538.272:INFO:third_party\webrtc\p2p\base\p2p_transport_channel.cc:546] Set backup connection ping interval to 25000 milliseconds.
[20872:29624:0625/171538.272:INFO:third_party\webrtc\p2p\base\p2p_transport_channel.cc:555] Set ICE receiving timeout to 2500 milliseconds
[20872:29624:0625/171538.272:INFO:third_party\webrtc\p2p\base\p2p_transport_channel.cc:562] Set ping most likely connection to 0
[20872:29624:0625/171538.272:INFO:third_party\webrtc\p2p\base\p2p_transport_channel.cc:569] Set stable_writable_connection_ping_interval to 2500
[20872:29624:0625/171538.272:INFO:third_party\webrtc\p2p\base\p2p_transport_channel.cc:582] Set presume writable when fully relayed to 0
[20872:29624:0625/171538.272:INFO:third_party\webrtc\p2p\base\p2p_transport_channel.cc:600] Set regather_on_failed_networks_interval to 300000
[20872:29624:0625/171538.272:INFO:third_party\webrtc\p2p\base\p2p_transport_channel.cc:607] Set receiving_switching_delay to 1000
[20872:29624:0625/171538.272:INFO:third_party\webrtc\pc\jsep_transport_controller.cc:1184] Creating DtlsSrtpTransport.
[20872:29624:0625/171538.272:INFO:third_party\webrtc\pc\dtls_srtp_transport.cc:72] Setting RTP Transport on 0 transport 0x770c005cb000
[20872:29624:0625/171538.272:INFO:third_party\webrtc\p2p\base\p2p_transport_channel.cc:480] Set ICE ufrag: 2E1p pwd: dyT1dmy8KLpgciQwEHwMlDmZ on transport 0
[20872:30256:0625/171538.272:INFO:third_party\webrtc\pc\peer_connection.cc:2085] Creating data channel, mid=0
[20872:30256:0625/171538.273:INFO:third_party\webrtc\pc\sdp_offer_answer.cc:3092] Session: 1380487584116343283 Old state: stable New state: have-local-offer
[20872:29624:0625/171538.273:INFO:third_party\webrtc\p2p\client\basic_port_allocator.cc:367] Start getting ports with turn_port_prune_policy 0
[20872:29624:0625/171538.279:INFO:third_party\webrtc\p2p\client\basic_port_allocator.cc:809] Allocate ports on any any 
[20872:29624:0625/171538.279:INFO:third_party\webrtc\p2p\client\basic_port_allocator.cc:899] Network manager has started
[20872:29624:0625/171538.279:INFO:third_party\webrtc\p2p\client\basic_port_allocator.cc:1408] Net[any:0.0.0.x/0:Wildcard:id=0]: Allocation Phase=Udp
[20872:29624:0625/171538.279:INFO:third_party\webrtc\p2p\base\port.cc:146] Port[3075200::1:0:host:Net[any:0.0.0.x/0:Wildcard:id=0]]: Port created with network cost 999
[20872:29624:0625/171538.279:INFO:third_party\webrtc\p2p\client\basic_port_allocator.cc:1490] AllocationSequence: UDPPort will be handling the STUN candidate generation.
[20872:29624:0625/171538.279:INFO:third_party\webrtc\p2p\client\basic_port_allocator.cc:922] Adding allocated port for 0
[20872:29624:0625/171538.279:INFO:third_party\webrtc\p2p\client\basic_port_allocator.cc:942] Port[3075200:0:1:0:host:Net[any:0.0.0.x/0:Wildcard:id=0]]: Added port to allocator
[20872:29624:0625/171538.279:INFO:third_party\webrtc\p2p\client\basic_port_allocator.cc:1408] Net[any:0:0:0:x:x:x:x:x/0:Wildcard:id=0]: Allocation Phase=Udp
[20872:29624:0625/171538.279:INFO:third_party\webrtc\p2p\base\port.cc:146] Port[2b88f00::1:0:host:Net[any:0:0:0:x:x:x:x:x/0:Wildcard:id=0]]: Port created with network cost 999
[20872:29624:0625/171538.279:INFO:third_party\webrtc\p2p\client\basic_port_allocator.cc:1490] AllocationSequence: UDPPort will be handling the STUN candidate generation.
[20872:29624:0625/171538.279:INFO:third_party\webrtc\p2p\client\basic_port_allocator.cc:922] Adding allocated port for 0
[20872:29624:0625/171538.279:INFO:third_party\webrtc\p2p\client\basic_port_allocator.cc:942] Port[2b88f00:0:1:0:host:Net[any:0:0:0:x:x:x:x:x/0:Wildcard:id=0]]: Added port to allocator
[20872:29624:0625/171538.280:INFO:third_party\webrtc\p2p\base\stun_port.cc:444] Port[3075200:0:1:0:host:Net[any:0.0.0.x/0:Wildcard:id=0]]: Starting STUN host lookup for stun.services.mozilla.com:3478
[20872:29624:0625/171538.280:INFO:third_party\webrtc\p2p\base\stun_port.cc:444] Port[2b88f00:0:1:0:host:Net[any:0:0:0:x:x:x:x:x/0:Wildcard:id=0]]: Starting STUN host lookup for stun.services.mozilla.com:3478
[20872:29624:0625/171538.281:INFO:third_party\webrtc\p2p\client\basic_port_allocator.cc:959] Port[3075200:0:1:0:host:Net[any:0.0.0.x/0:Wildcard:id=0]]: Gathered candidate: Cand[:2060355187:1:udp:2113937151:eeea7664-76f6-453e-9fab-b0aee3e40a33.local:57236:host::0:2E1p:dyT1dmy8KLpgciQwEHwMlDmZ:0:999:0]
[20872:29624:0625/171538.281:INFO:third_party\webrtc\p2p\client\basic_port_allocator.cc:992] Port[3075200:0:1:0:host:Net[any:0.0.0.x/0:Wildcard:id=0]]: Port ready.
[20872:29624:0625/171538.282:INFO:third_party\webrtc\p2p\client\basic_port_allocator.cc:959] Port[2b88f00:0:1:0:host:Net[any:0:0:0:x:x:x:x:x/0:Wildcard:id=0]]: Gathered candidate: Cand[:3266170714:1:udp:2113929727:aa5f48e8-6914-465a-b42c-6fe0e5b5280c.local:57237:host::0:2E1p:dyT1dmy8KLpgciQwEHwMlDmZ:0:999:0]
[20872:29624:0625/171538.282:INFO:third_party\webrtc\p2p\client\basic_port_allocator.cc:992] Port[2b88f00:0:1:0:host:Net[any:0:0:0:x:x:x:x:x/0:Wildcard:id=0]]: Port ready.
[20872:29624:0625/171538.282:INFO:third_party\webrtc\p2p\client\basic_port_allocator.cc:1003] Discarding candidate because it doesn't match filter.
[24664:3616:0625/171538.289:ERROR:services\network\p2p\socket_manager.cc:137] Failed to resolve address for stun.services.mozilla.com., errorcode: -105
[20872:29624:0625/171538.289:WARNING:third_party\webrtc\p2p\base\stun_port.cc:455] Port[3075200:0:1:0:host:Net[any:0.0.0.x/0:Wildcard:id=0]]: StunPort: stun host lookup received error -1
[20872:29624:0625/171538.289:INFO:third_party\webrtc\p2p\client\basic_port_allocator.cc:1104] Port[3075200:0:1:0:host:Net[any:0.0.0.x/0:Wildcard:id=0]]: Port completed gathering candidates.
[24664:3616:0625/171538.289:ERROR:services\network\p2p\socket_manager.cc:137] Failed to resolve address for stun.services.mozilla.com., errorcode: -105
[20872:29624:0625/171538.290:WARNING:third_party\webrtc\p2p\base\stun_port.cc:455] Port[2b88f00:0:1:0:host:Net[any:0:0:0:x:x:x:x:x/0:Wildcard:id=0]]: StunPort: stun host lookup received error -1
[20872:29624:0625/171538.290:INFO:third_party\webrtc\p2p\client\basic_port_allocator.cc:1104] Port[2b88f00:0:1:0:host:Net[any:0:0:0:x:x:x:x:x/0:Wildcard:id=0]]: Port completed gathering candidates.
[20872:29624:0625/171538.344:INFO:third_party\webrtc\p2p\client\basic_port_allocator.cc:1408] Net[any:0.0.0.x/0:Wildcard:id=0]: Allocation Phase=Relay
[20872:29624:0625/171538.344:INFO:third_party\webrtc\p2p\client\basic_port_allocator.cc:1408] Net[any:0:0:0:x:x:x:x:x/0:Wildcard:id=0]: Allocation Phase=Relay
[532:29408:0625/171538.405:ERROR:gpu\command_buffer\service\gles2_cmd_decoder_passthrough.cc:1095] [GroupMarkerNotSet(crbug.com/242999)!:A0E02F005C740000]Automatic fallback to software WebGL has been deprecated. Please use the --enable-unsafe-swiftshader (about:flags#enable-unsafe-swiftshader) flag to opt in to lower security guarantees for trusted content.
[20872:29624:0625/171538.407:INFO:third_party\webrtc\p2p\client\basic_port_allocator.cc:1408] Net[any:0.0.0.x/0:Wildcard:id=0]: Allocation Phase=Tcp
[20872:29624:0625/171538.407:INFO:third_party\webrtc\p2p\base\port.cc:146] Port[5c9400::1:0:host:Net[any:0.0.0.x/0:Wildcard:id=0]]: Port created with network cost 999
[20872:29624:0625/171538.407:INFO:third_party\webrtc\p2p\client\basic_port_allocator.cc:922] Adding allocated port for 0
[20872:29624:0625/171538.407:INFO:third_party\webrtc\p2p\client\basic_port_allocator.cc:942] Port[5c9400:0:1:0:host:Net[any:0.0.0.x/0:Wildcard:id=0]]: Added port to allocator
[20872:29624:0625/171538.407:INFO:third_party\webrtc\p2p\base\tcp_port.cc:185] Port[5c9400:0:1:0:host:Net[any:0.0.0.x/0:Wildcard:id=0]]: Not listening due to firewall restrictions.
[20872:29624:0625/171538.407:INFO:third_party\webrtc\p2p\client\basic_port_allocator.cc:1408] Net[any:0:0:0:x:x:x:x:x/0:Wildcard:id=0]: Allocation Phase=Tcp
[20872:29624:0625/171538.407:INFO:third_party\webrtc\p2p\base\port.cc:146] Port[1f4d800::1:0:host:Net[any:0:0:0:x:x:x:x:x/0:Wildcard:id=0]]: Port created with network cost 999
[20872:29624:0625/171538.407:INFO:third_party\webrtc\p2p\client\basic_port_allocator.cc:922] Adding allocated port for 0
[20872:29624:0625/171538.407:INFO:third_party\webrtc\p2p\client\basic_port_allocator.cc:942] Port[1f4d800:0:1:0:host:Net[any:0:0:0:x:x:x:x:x/0:Wildcard:id=0]]: Added port to allocator
[20872:29624:0625/171538.407:INFO:third_party\webrtc\p2p\base\tcp_port.cc:185] Port[1f4d800:0:1:0:host:Net[any:0:0:0:x:x:x:x:x/0:Wildcard:id=0]]: Not listening due to firewall restrictions.
[532:29408:0625/171538.408:ERROR:gpu\command_buffer\service\gles2_cmd_decoder_passthrough.cc:1095] [GroupMarkerNotSet(crbug.com/242999)!:A0B02F005C740000]Automatic fallback to software WebGL has been deprecated. Please use the --enable-unsafe-swiftshader (about:flags#enable-unsafe-swiftshader) flag to opt in to lower security guarantees for trusted content.
[20332:30420:0625/171538.496:INFO:CONSOLE:0] "[GroupMarkerNotSet(crbug.com/242999)!:A0E02F005C740000]Automatic fallback to software WebGL has been deprecated. Please use the --enable-unsafe-swiftshader (about:flags#enable-unsafe-swiftshader) flag to opt in to lower security guarantees for trusted content.", source: https://passport.jd.com/new/login.aspx?ReturnUrl=https%3A%2F%2Forder.jd.com%2Fcenter%2Flist.action (0)
[20332:30420:0625/171538.496:INFO:CONSOLE:0] "[GroupMarkerNotSet(crbug.com/242999)!:A0B02F005C740000]Automatic fallback to software WebGL has been deprecated. Please use the --enable-unsafe-swiftshader (about:flags#enable-unsafe-swiftshader) flag to opt in to lower security guarantees for trusted content.", source: https://passport.jd.com/new/login.aspx?ReturnUrl=https%3A%2F%2Forder.jd.com%2Fcenter%2Flist.action (0)
[20872:29624:0625/171538.497:INFO:third_party\webrtc\p2p\client\basic_port_allocator.cc:959] Port[5c9400:0:1:0:host:Net[any:0.0.0.x/0:Wildcard:id=0]]: Gathered candidate: Cand[:958988085:1:tcp:1509957375:15d08769-82e7-477c-9bb4-e5c4e40d4653.local:9:host::0:2E1p:dyT1dmy8KLpgciQwEHwMlDmZ:0:999:0]
[20872:29624:0625/171538.497:INFO:third_party\webrtc\p2p\client\basic_port_allocator.cc:992] Port[5c9400:0:1:0:host:Net[any:0.0.0.x/0:Wildcard:id=0]]: Port ready.
[20872:29624:0625/171538.497:INFO:third_party\webrtc\p2p\client\basic_port_allocator.cc:1003] Discarding candidate because it doesn't match filter.
[20872:29624:0625/171538.497:INFO:third_party\webrtc\p2p\client\basic_port_allocator.cc:1104] Port[5c9400:0:1:0:host:Net[any:0.0.0.x/0:Wildcard:id=0]]: Port completed gathering candidates.
[20872:29624:0625/171538.498:INFO:third_party\webrtc\p2p\client\basic_port_allocator.cc:959] Port[1f4d800:0:1:0:host:Net[any:0:0:0:x:x:x:x:x/0:Wildcard:id=0]]: Gathered candidate: Cand[:1007098830:1:tcp:1509949951:aa5f48e8-6914-465a-b42c-6fe0e5b5280c.local:9:host::0:2E1p:dyT1dmy8KLpgciQwEHwMlDmZ:0:999:0]
[20872:29624:0625/171538.498:INFO:third_party\webrtc\p2p\client\basic_port_allocator.cc:992] Port[1f4d800:0:1:0:host:Net[any:0:0:0:x:x:x:x:x/0:Wildcard:id=0]]: Port ready.
[20872:29624:0625/171538.498:INFO:third_party\webrtc\p2p\client\basic_port_allocator.cc:1003] Discarding candidate because it doesn't match filter.
[20872:29624:0625/171538.498:INFO:third_party\webrtc\p2p\client\basic_port_allocator.cc:1104] Port[1f4d800:0:1:0:host:Net[any:0:0:0:x:x:x:x:x/0:Wildcard:id=0]]: Port completed gathering candidates.
[20872:29624:0625/171538.498:INFO:third_party\webrtc\p2p\client\basic_port_allocator.cc:1178] All candidates gathered for 0:1:0
[20872:29624:0625/171538.498:INFO:third_party\webrtc\p2p\base\p2p_transport_channel.cc:964] P2PTransportChannel: 0, component 1 gathering complete
[20872:30256:0625/171538.517:INFO:third_party\webrtc\pc\sdp_offer_answer.cc:3092] Session: 1380487584116343283 Old state: have-local-offer New state: closed
[20872:29624:0625/171538.517:INFO:third_party\webrtc\pc\peer_connection.cc:2542] Tearing down data channel transport for mid=0
[20332:30420:0625/171538.812:INFO:CONSOLE:3] "load js success!", source: https://storage.360buyimg.com/webcontainer/js_security_v3_0.1.8.js (3)
[20332:30420:0625/171538.837:INFO:CONSOLE:5] "load rac js success!", source: https://storage.360buyimg.com/webcontainer/main/js_security_v3_main_0.1.8.js?v=20250625 (5)
[20872:30256:0625/171539.797:INFO:third_party\webrtc\api\video_codecs\sdp_video_format.cc:291] Matched SdpVideoFormat Codec name: VP9, parameters: { } with Codec name: VP9, parameters: { profile-id=0 }, scalability_modes: [L1T1, L1T2, L1T3, L2T1, L2T1h, L2T1_KEY, L2T2, L2T2h, L2T2_KEY, L2T2_KEY_SHIFT, L2T3, L2T3h, L2T3_KEY, L3T1, L3T1h, L3T1_KEY, L3T2, L3T2h, L3T2_KEY, L3T3, L3T3h, L3T3_KEY, S2T1, S2T1h, S2T2, S2T2h, S2T3, S2T3h, S3T1, S3T1h, S3T2, S3T2h, S3T3, S3T3h]
[20872:30256:0625/171539.797:INFO:third_party\webrtc\api\video_codecs\sdp_video_format.cc:291] Matched SdpVideoFormat Codec name: AV1, parameters: { } with Codec name: AV1, parameters: { level-idx=5 profile=0 tier=0 }, scalability_modes: [L1T1, L1T2, L1T3, L2T1, L2T1h, L2T1_KEY, L2T2, L2T2h, L2T2_KEY, L2T2_KEY_SHIFT, L2T3, L2T3h, L2T3_KEY, L3T1, L3T1h, L3T1_KEY, L3T2, L3T2h, L3T2_KEY, L3T3, L3T3h, L3T3_KEY, S2T1, S2T1h, S2T2, S2T2h, S2T3, S2T3h, S3T1, S3T1h, S3T2, S3T2h, S3T3, S3T3h]
[20872:30256:0625/171539.797:INFO:third_party\webrtc\api\video_codecs\sdp_video_format.cc:289] Failed to match SdpVideoFormat Codec name: H265, parameters: { }
[20872:30256:0625/171539.797:INFO:third_party\blink\renderer\modules\peerconnection\peer_connection_dependency_factory.cc:802] Running WebRTC with a combined Network and Worker thread.
[20872:30256:0625/171539.797:INFO:third_party\webrtc\media\engine\webrtc_voice_engine.cc:478] WebRtcVoiceEngine::WebRtcVoiceEngine
[20872:29624:0625/171539.797:INFO:third_party\webrtc\media\engine\webrtc_voice_engine.cc:500] WebRtcVoiceEngine::Init
[20872:29624:0625/171539.797:INFO:third_party\webrtc\media\engine\webrtc_voice_engine.cc:603] WebRtcVoiceEngine::ApplyOptions: AudioOptions {aec: 1, agc: 1, ns: 1, hf: 1, swap: 0, audio_jitter_buffer_max_packets: 200, audio_jitter_buffer_fast_accelerate: 0, audio_jitter_buffer_min_delay_ms: 0, }
[20872:29624:0625/171539.798:INFO:third_party\webrtc\pc\peer_connection_factory.cc:412] Using default network controller factory
[20872:29624:0625/171539.798:INFO:third_party\webrtc\modules\pacing\bitrate_prober.cc:54] Bandwidth probing enabled, set to inactive
[20872:29624:0625/171539.798:INFO:third_party\webrtc\modules\remote_bitrate_estimator\transport_sequence_number_feedback_generator.cc:52] Maximum interval between transport feedback RTCP messages: 250 ms
[20872:29624:0625/171539.798:INFO:third_party\webrtc\modules\remote_bitrate_estimator\aimd_rate_control.cc:88] Using aimd rate control with back off factor 0.85
[20872:29624:0625/171539.798:INFO:third_party\webrtc\modules\remote_bitrate_estimator\remote_bitrate_estimator_single_stream.cc:59] RemoteBitrateEstimatorSingleStream: Instantiating.
[20872:29624:0625/171539.799:INFO:third_party\webrtc\rtc_base\openssl_key_pair.cc:40] Making key pair
[20872:29624:0625/171539.799:INFO:third_party\webrtc\rtc_base\openssl_key_pair.cc:93] Returning key pair
[20872:29624:0625/171539.799:INFO:third_party\webrtc\rtc_base\boringssl_certificate.cc:193] Making certificate for WebRTC
[20872:29624:0625/171539.799:INFO:third_party\webrtc\rtc_base\boringssl_certificate.cc:249] Returning certificate
[20872:29624:0625/171539.801:INFO:third_party\webrtc\p2p\base\p2p_transport_channel.cc:546] Set backup connection ping interval to 25000 milliseconds.
[20872:29624:0625/171539.801:INFO:third_party\webrtc\p2p\base\p2p_transport_channel.cc:555] Set ICE receiving timeout to 2500 milliseconds
[20872:29624:0625/171539.801:INFO:third_party\webrtc\p2p\base\p2p_transport_channel.cc:562] Set ping most likely connection to 0
[20872:29624:0625/171539.801:INFO:third_party\webrtc\p2p\base\p2p_transport_channel.cc:569] Set stable_writable_connection_ping_interval to 2500
[20872:29624:0625/171539.801:INFO:third_party\webrtc\p2p\base\p2p_transport_channel.cc:582] Set presume writable when fully relayed to 0
[20872:29624:0625/171539.801:INFO:third_party\webrtc\p2p\base\p2p_transport_channel.cc:600] Set regather_on_failed_networks_interval to 300000
[20872:29624:0625/171539.801:INFO:third_party\webrtc\p2p\base\p2p_transport_channel.cc:607] Set receiving_switching_delay to 1000
[20872:29624:0625/171539.801:INFO:third_party\webrtc\pc\jsep_transport_controller.cc:1184] Creating DtlsSrtpTransport.
[20872:29624:0625/171539.801:INFO:third_party\webrtc\pc\dtls_srtp_transport.cc:72] Setting RTP Transport on 0 transport 0x770c01f4d800
[20872:29624:0625/171539.801:INFO:third_party\webrtc\p2p\base\p2p_transport_channel.cc:480] Set ICE ufrag: UjLk pwd: VNCYInVNtoedpfUieSQOjN7k on transport 0
[20872:30256:0625/171539.801:INFO:third_party\webrtc\pc\peer_connection.cc:2085] Creating data channel, mid=0
[20872:30256:0625/171539.801:INFO:third_party\webrtc\pc\sdp_offer_answer.cc:3092] Session: 2504502422799074533 Old state: stable New state: have-local-offer
[20872:29624:0625/171539.801:INFO:third_party\webrtc\p2p\client\basic_port_allocator.cc:367] Start getting ports with turn_port_prune_policy 0
[20872:29624:0625/171539.806:INFO:third_party\webrtc\p2p\client\basic_port_allocator.cc:809] Allocate ports on any any 
[20872:29624:0625/171539.806:INFO:third_party\webrtc\p2p\client\basic_port_allocator.cc:899] Network manager has started
[20872:29624:0625/171539.806:INFO:third_party\webrtc\p2p\client\basic_port_allocator.cc:1408] Net[any:0.0.0.x/0:Wildcard:id=0]: Allocation Phase=Udp
[20872:29624:0625/171539.806:INFO:third_party\webrtc\p2p\base\port.cc:146] Port[2b88f00::1:0:host:Net[any:0.0.0.x/0:Wildcard:id=0]]: Port created with network cost 999
[20872:29624:0625/171539.806:INFO:third_party\webrtc\p2p\client\basic_port_allocator.cc:1490] AllocationSequence: UDPPort will be handling the STUN candidate generation.
[20872:29624:0625/171539.806:INFO:third_party\webrtc\p2p\client\basic_port_allocator.cc:922] Adding allocated port for 0
[20872:29624:0625/171539.806:INFO:third_party\webrtc\p2p\client\basic_port_allocator.cc:942] Port[2b88f00:0:1:0:host:Net[any:0.0.0.x/0:Wildcard:id=0]]: Added port to allocator
[20872:29624:0625/171539.806:INFO:third_party\webrtc\p2p\client\basic_port_allocator.cc:1408] Net[any:0:0:0:x:x:x:x:x/0:Wildcard:id=0]: Allocation Phase=Udp
[20872:29624:0625/171539.806:INFO:third_party\webrtc\p2p\base\port.cc:146] Port[3075200::1:0:host:Net[any:0:0:0:x:x:x:x:x/0:Wildcard:id=0]]: Port created with network cost 999
[20872:29624:0625/171539.806:INFO:third_party\webrtc\p2p\client\basic_port_allocator.cc:1490] AllocationSequence: UDPPort will be handling the STUN candidate generation.
[20872:29624:0625/171539.806:INFO:third_party\webrtc\p2p\client\basic_port_allocator.cc:922] Adding allocated port for 0
[20872:29624:0625/171539.806:INFO:third_party\webrtc\p2p\client\basic_port_allocator.cc:942] Port[3075200:0:1:0:host:Net[any:0:0:0:x:x:x:x:x/0:Wildcard:id=0]]: Added port to allocator
[20872:29624:0625/171539.806:INFO:third_party\webrtc\p2p\base\stun_port.cc:444] Port[2b88f00:0:1:0:host:Net[any:0.0.0.x/0:Wildcard:id=0]]: Starting STUN host lookup for stun.services.mozilla.com:3478
[20872:29624:0625/171539.806:INFO:third_party\webrtc\p2p\base\stun_port.cc:444] Port[3075200:0:1:0:host:Net[any:0:0:0:x:x:x:x:x/0:Wildcard:id=0]]: Starting STUN host lookup for stun.services.mozilla.com:3478
[20872:29624:0625/171539.806:INFO:third_party\webrtc\p2p\client\basic_port_allocator.cc:959] Port[2b88f00:0:1:0:host:Net[any:0.0.0.x/0:Wildcard:id=0]]: Gathered candidate: Cand[:1201460349:1:udp:2113937151:d4a9aa98-1b24-4191-be8d-2358478a9694.local:55195:host::0:UjLk:VNCYInVNtoedpfUieSQOjN7k:0:999:0]
[20872:29624:0625/171539.806:INFO:third_party\webrtc\p2p\client\basic_port_allocator.cc:992] Port[2b88f00:0:1:0:host:Net[any:0.0.0.x/0:Wildcard:id=0]]: Port ready.
[20872:29624:0625/171539.807:INFO:third_party\webrtc\p2p\client\basic_port_allocator.cc:959] Port[3075200:0:1:0:host:Net[any:0:0:0:x:x:x:x:x/0:Wildcard:id=0]]: Gathered candidate: Cand[:4294942036:1:udp:2113929727:367f03f5-e61e-4f1b-a3ad-dbf044aee8e8.local:55196:host::0:UjLk:VNCYInVNtoedpfUieSQOjN7k:0:999:0]
[20872:29624:0625/171539.807:INFO:third_party\webrtc\p2p\client\basic_port_allocator.cc:992] Port[3075200:0:1:0:host:Net[any:0:0:0:x:x:x:x:x/0:Wildcard:id=0]]: Port ready.
[20872:29624:0625/171539.807:INFO:third_party\webrtc\p2p\client\basic_port_allocator.cc:1003] Discarding candidate because it doesn't match filter.
[24664:3616:0625/171539.810:ERROR:services\network\p2p\socket_manager.cc:137] Failed to resolve address for stun.services.mozilla.com., errorcode: -105
[20872:29624:0625/171539.810:WARNING:third_party\webrtc\p2p\base\stun_port.cc:455] Port[2b88f00:0:1:0:host:Net[any:0.0.0.x/0:Wildcard:id=0]]: StunPort: stun host lookup received error -1
[20872:29624:0625/171539.810:INFO:third_party\webrtc\p2p\client\basic_port_allocator.cc:1104] Port[2b88f00:0:1:0:host:Net[any:0.0.0.x/0:Wildcard:id=0]]: Port completed gathering candidates.
[24664:3616:0625/171539.812:ERROR:services\network\p2p\socket_manager.cc:137] Failed to resolve address for stun.services.mozilla.com., errorcode: -105
[20872:29624:0625/171539.812:WARNING:third_party\webrtc\p2p\base\stun_port.cc:455] Port[3075200:0:1:0:host:Net[any:0:0:0:x:x:x:x:x/0:Wildcard:id=0]]: StunPort: stun host lookup received error -1
[20872:29624:0625/171539.812:INFO:third_party\webrtc\p2p\client\basic_port_allocator.cc:1104] Port[3075200:0:1:0:host:Net[any:0:0:0:x:x:x:x:x/0:Wildcard:id=0]]: Port completed gathering candidates.
[532:29408:0625/171539.842:ERROR:gpu\command_buffer\service\gles2_cmd_decoder_passthrough.cc:1095] [GroupMarkerNotSet(crbug.com/242999)!:A0B02F005C740000]Automatic fallback to software WebGL has been deprecated. Please use the --enable-unsafe-swiftshader (about:flags#enable-unsafe-swiftshader) flag to opt in to lower security guarantees for trusted content.
[20332:30420:0625/171539.859:INFO:CONSOLE:0] "[GroupMarkerNotSet(crbug.com/242999)!:A0B02F005C740000]Automatic fallback to software WebGL has been deprecated. Please use the --enable-unsafe-swiftshader (about:flags#enable-unsafe-swiftshader) flag to opt in to lower security guarantees for trusted content.", source: https://passport.jd.com/new/login.aspx?ReturnUrl=https%3A%2F%2Forder.jd.com%2Fcenter%2Flist.action (0)
[20872:29624:0625/171539.860:INFO:third_party\webrtc\p2p\client\basic_port_allocator.cc:1408] Net[any:0.0.0.x/0:Wildcard:id=0]: Allocation Phase=Relay
[20872:29624:0625/171539.860:INFO:third_party\webrtc\p2p\client\basic_port_allocator.cc:1408] Net[any:0:0:0:x:x:x:x:x/0:Wildcard:id=0]: Allocation Phase=Relay
[20872:29624:0625/171539.922:INFO:third_party\webrtc\p2p\client\basic_port_allocator.cc:1408] Net[any:0.0.0.x/0:Wildcard:id=0]: Allocation Phase=Tcp
[20872:29624:0625/171539.922:INFO:third_party\webrtc\p2p\base\port.cc:146] Port[5c9400::1:0:host:Net[any:0.0.0.x/0:Wildcard:id=0]]: Port created with network cost 999
[20872:29624:0625/171539.922:INFO:third_party\webrtc\p2p\client\basic_port_allocator.cc:922] Adding allocated port for 0
[20872:29624:0625/171539.922:INFO:third_party\webrtc\p2p\client\basic_port_allocator.cc:942] Port[5c9400:0:1:0:host:Net[any:0.0.0.x/0:Wildcard:id=0]]: Added port to allocator
[20872:29624:0625/171539.922:INFO:third_party\webrtc\p2p\base\tcp_port.cc:185] Port[5c9400:0:1:0:host:Net[any:0.0.0.x/0:Wildcard:id=0]]: Not listening due to firewall restrictions.
[20872:29624:0625/171539.922:INFO:third_party\webrtc\p2p\client\basic_port_allocator.cc:1408] Net[any:0:0:0:x:x:x:x:x/0:Wildcard:id=0]: Allocation Phase=Tcp
[20872:29624:0625/171539.922:INFO:third_party\webrtc\p2p\base\port.cc:146] Port[5cb000::1:0:host:Net[any:0:0:0:x:x:x:x:x/0:Wildcard:id=0]]: Port created with network cost 999
[20872:29624:0625/171539.922:INFO:third_party\webrtc\p2p\client\basic_port_allocator.cc:922] Adding allocated port for 0
[20872:29624:0625/171539.922:INFO:third_party\webrtc\p2p\client\basic_port_allocator.cc:942] Port[5cb000:0:1:0:host:Net[any:0:0:0:x:x:x:x:x/0:Wildcard:id=0]]: Added port to allocator
[20872:29624:0625/171539.922:INFO:third_party\webrtc\p2p\base\tcp_port.cc:185] Port[5cb000:0:1:0:host:Net[any:0:0:0:x:x:x:x:x/0:Wildcard:id=0]]: Not listening due to firewall restrictions.
[20872:29624:0625/171539.922:INFO:third_party\webrtc\p2p\client\basic_port_allocator.cc:959] Port[5c9400:0:1:0:host:Net[any:0.0.0.x/0:Wildcard:id=0]]: Gathered candidate: Cand[:75148603:1:tcp:1509957375:07ccc845-e812-480c-b886-c5dab0e6eb03.local:9:host::0:UjLk:VNCYInVNtoedpfUieSQOjN7k:0:999:0]
[20872:29624:0625/171539.922:INFO:third_party\webrtc\p2p\client\basic_port_allocator.cc:992] Port[5c9400:0:1:0:host:Net[any:0.0.0.x/0:Wildcard:id=0]]: Port ready.
[20872:29624:0625/171539.922:INFO:third_party\webrtc\p2p\client\basic_port_allocator.cc:1003] Discarding candidate because it doesn't match filter.
[20872:29624:0625/171539.922:INFO:third_party\webrtc\p2p\client\basic_port_allocator.cc:1104] Port[5c9400:0:1:0:host:Net[any:0.0.0.x/0:Wildcard:id=0]]: Port completed gathering candidates.
[20872:29624:0625/171539.922:INFO:third_party\webrtc\p2p\client\basic_port_allocator.cc:959] Port[5cb000:0:1:0:host:Net[any:0:0:0:x:x:x:x:x/0:Wildcard:id=0]]: Gathered candidate: Cand[:22366656:1:tcp:1509949951:367f03f5-e61e-4f1b-a3ad-dbf044aee8e8.local:9:host::0:UjLk:VNCYInVNtoedpfUieSQOjN7k:0:999:0]
[20872:29624:0625/171539.922:INFO:third_party\webrtc\p2p\client\basic_port_allocator.cc:992] Port[5cb000:0:1:0:host:Net[any:0:0:0:x:x:x:x:x/0:Wildcard:id=0]]: Port ready.
[20872:29624:0625/171539.922:INFO:third_party\webrtc\p2p\client\basic_port_allocator.cc:1003] Discarding candidate because it doesn't match filter.
[20872:29624:0625/171539.922:INFO:third_party\webrtc\p2p\client\basic_port_allocator.cc:1104] Port[5cb000:0:1:0:host:Net[any:0:0:0:x:x:x:x:x/0:Wildcard:id=0]]: Port completed gathering candidates.
[20872:29624:0625/171539.922:INFO:third_party\webrtc\p2p\client\basic_port_allocator.cc:1178] All candidates gathered for 0:1:0
[20872:29624:0625/171539.922:INFO:third_party\webrtc\p2p\base\p2p_transport_channel.cc:964] P2PTransportChannel: 0, component 1 gathering complete
[532:29408:0625/171539.935:ERROR:gpu\command_buffer\service\gles2_cmd_decoder_passthrough.cc:1095] [GroupMarkerNotSet(crbug.com/242999)!:A0E02F005C740000]Automatic fallback to software WebGL has been deprecated. Please use the --enable-unsafe-swiftshader (about:flags#enable-unsafe-swiftshader) flag to opt in to lower security guarantees for trusted content.
[532:29408:0625/171539.939:ERROR:gpu\command_buffer\service\gles2_cmd_decoder_passthrough.cc:1095] [GroupMarkerNotSet(crbug.com/242999)!:A0802F005C740000]Automatic fallback to software WebGL has been deprecated. Please use the --enable-unsafe-swiftshader (about:flags#enable-unsafe-swiftshader) flag to opt in to lower security guarantees for trusted content.
[20332:30420:0625/171539.947:INFO:CONSOLE:0] "[GroupMarkerNotSet(crbug.com/242999)!:A0E02F005C740000]Automatic fallback to software WebGL has been deprecated. Please use the --enable-unsafe-swiftshader (about:flags#enable-unsafe-swiftshader) flag to opt in to lower security guarantees for trusted content.", source: https://passport.jd.com/new/login.aspx?ReturnUrl=https%3A%2F%2Forder.jd.com%2Fcenter%2Flist.action (0)
[20332:30420:0625/171539.947:INFO:CONSOLE:0] "[GroupMarkerNotSet(crbug.com/242999)!:A0802F005C740000]Automatic fallback to software WebGL has been deprecated. Please use the --enable-unsafe-swiftshader (about:flags#enable-unsafe-swiftshader) flag to opt in to lower security guarantees for trusted content.", source: https://passport.jd.com/new/login.aspx?ReturnUrl=https%3A%2F%2Forder.jd.com%2Fcenter%2Flist.action (0)
[20332:24860:0625/171544.623:ERROR:google_apis\gcm\engine\registration_request.cc:291] Registration response error message: DEPRECATED_ENDPOINT
[20872:30256:0625/171548.608:INFO:third_party\webrtc\pc\peer_connection.cc:632] Session: 1380487584116343283 is destroyed.
[20872:29624:0625/171548.608:INFO:third_party\webrtc\media\engine\webrtc_voice_engine.cc:486] WebRtcVoiceEngine::~WebRtcVoiceEngine
[20872:29624:0625/171548.608:WARNING:third_party\webrtc\media\engine\webrtc_voice_engine.cc:807] Attempting to stop aecdump when no audio processing module is present
[20332:30420:0625/171552.433:INFO:CONSOLE:2] "[object Object] loginService", source: https://storage.jd.com/retail-mall/jdc_user_login/pc/user/login/0.0.12/js/newLogin/login2024.js (2)
[20332:30420:0625/171552.433:INFO:CONSOLE:2] "show modal is running.", source: https://storage.jd.com/retail-mall/jdc_user_login/pc/user/login/0.0.12/js/newLogin/showModal.js (2)
[26172:13656:0625/171552.511:INFO:third_party\webrtc\rtc_base\cpu_info.cc:57] Available number of cores: 20
[532:29408:0625/171603.077:ERROR:gpu\command_buffer\service\gles2_cmd_decoder_passthrough.cc:1095] [GroupMarkerNotSet(crbug.com/242999)!:A0802F005C740000]Automatic fallback to software WebGL has been deprecated. Please use the --enable-unsafe-swiftshader (about:flags#enable-unsafe-swiftshader) flag to opt in to lower security guarantees for trusted content.
[20332:30420:0625/171603.104:INFO:CONSOLE:5] "load rac js success!", source: https://storage.360buyimg.com/webcontainer/js_security_v3_0.1.4.js?v=20240117 (5)
[20332:30420:0625/171603.107:INFO:CONSOLE:0] "[GroupMarkerNotSet(crbug.com/242999)!:A0802F005C740000]Automatic fallback to software WebGL has been deprecated. Please use the --enable-unsafe-swiftshader (about:flags#enable-unsafe-swiftshader) flag to opt in to lower security guarantees for trusted content.", source: https://order.jd.com/center/list.action (0)
[532:29408:0625/171603.117:ERROR:gpu\command_buffer\service\gles2_cmd_decoder_passthrough.cc:1095] [GroupMarkerNotSet(crbug.com/242999)!:A01030005C740000]Automatic fallback to software WebGL has been deprecated. Please use the --enable-unsafe-swiftshader (about:flags#enable-unsafe-swiftshader) flag to opt in to lower security guarantees for trusted content.
[20332:30420:0625/171603.137:INFO:CONSOLE:0] "[GroupMarkerNotSet(crbug.com/242999)!:A01030005C740000]Automatic fallback to software WebGL has been deprecated. Please use the --enable-unsafe-swiftshader (about:flags#enable-unsafe-swiftshader) flag to opt in to lower security guarantees for trusted content.", source: https://order.jd.com/center/list.action (0)
[532:29408:0625/171603.869:ERROR:gpu\command_buffer\service\gles2_cmd_decoder_passthrough.cc:1095] [GroupMarkerNotSet(crbug.com/242999)!:A0E02F005C740000]Automatic fallback to software WebGL has been deprecated. Please use the --enable-unsafe-swiftshader (about:flags#enable-unsafe-swiftshader) flag to opt in to lower security guarantees for trusted content.
[20872:30256:0625/171603.891:INFO:third_party\webrtc\api\video_codecs\sdp_video_format.cc:291] Matched SdpVideoFormat Codec name: VP9, parameters: { } with Codec name: VP9, parameters: { profile-id=0 }, scalability_modes: [L1T1, L1T2, L1T3, L2T1, L2T1h, L2T1_KEY, L2T2, L2T2h, L2T2_KEY, L2T2_KEY_SHIFT, L2T3, L2T3h, L2T3_KEY, L3T1, L3T1h, L3T1_KEY, L3T2, L3T2h, L3T2_KEY, L3T3, L3T3h, L3T3_KEY, S2T1, S2T1h, S2T2, S2T2h, S2T3, S2T3h, S3T1, S3T1h, S3T2, S3T2h, S3T3, S3T3h]
[20872:30256:0625/171603.891:INFO:third_party\webrtc\api\video_codecs\sdp_video_format.cc:291] Matched SdpVideoFormat Codec name: AV1, parameters: { } with Codec name: AV1, parameters: { level-idx=5 profile=0 tier=0 }, scalability_modes: [L1T1, L1T2, L1T3, L2T1, L2T1h, L2T1_KEY, L2T2, L2T2h, L2T2_KEY, L2T2_KEY_SHIFT, L2T3, L2T3h, L2T3_KEY, L3T1, L3T1h, L3T1_KEY, L3T2, L3T2h, L3T2_KEY, L3T3, L3T3h, L3T3_KEY, S2T1, S2T1h, S2T2, S2T2h, S2T3, S2T3h, S3T1, S3T1h, S3T2, S3T2h, S3T3, S3T3h]
[20872:30256:0625/171603.891:INFO:third_party\webrtc\api\video_codecs\sdp_video_format.cc:289] Failed to match SdpVideoFormat Codec name: H265, parameters: { }
[20872:30256:0625/171603.891:INFO:third_party\blink\renderer\modules\peerconnection\peer_connection_dependency_factory.cc:802] Running WebRTC with a combined Network and Worker thread.
[20872:30256:0625/171603.891:INFO:third_party\webrtc\media\engine\webrtc_voice_engine.cc:478] WebRtcVoiceEngine::WebRtcVoiceEngine
[20872:29624:0625/171603.891:INFO:third_party\webrtc\media\engine\webrtc_voice_engine.cc:500] WebRtcVoiceEngine::Init
[20872:29624:0625/171603.891:INFO:third_party\webrtc\media\engine\webrtc_voice_engine.cc:603] WebRtcVoiceEngine::ApplyOptions: AudioOptions {aec: 1, agc: 1, ns: 1, hf: 1, swap: 0, audio_jitter_buffer_max_packets: 200, audio_jitter_buffer_fast_accelerate: 0, audio_jitter_buffer_min_delay_ms: 0, }
[20872:29624:0625/171603.892:INFO:third_party\webrtc\pc\peer_connection_factory.cc:412] Using default network controller factory
[20872:29624:0625/171603.892:INFO:third_party\webrtc\modules\pacing\bitrate_prober.cc:54] Bandwidth probing enabled, set to inactive
[20872:29624:0625/171603.892:INFO:third_party\webrtc\modules\remote_bitrate_estimator\transport_sequence_number_feedback_generator.cc:52] Maximum interval between transport feedback RTCP messages: 250 ms
[20872:29624:0625/171603.892:INFO:third_party\webrtc\modules\remote_bitrate_estimator\aimd_rate_control.cc:88] Using aimd rate control with back off factor 0.85
[20872:29624:0625/171603.892:INFO:third_party\webrtc\modules\remote_bitrate_estimator\remote_bitrate_estimator_single_stream.cc:59] RemoteBitrateEstimatorSingleStream: Instantiating.
[20872:29624:0625/171603.892:INFO:third_party\webrtc\rtc_base\openssl_key_pair.cc:40] Making key pair
[20872:29624:0625/171603.893:INFO:third_party\webrtc\rtc_base\openssl_key_pair.cc:93] Returning key pair
[20872:29624:0625/171603.893:INFO:third_party\webrtc\rtc_base\boringssl_certificate.cc:193] Making certificate for WebRTC
[20872:29624:0625/171603.893:INFO:third_party\webrtc\rtc_base\boringssl_certificate.cc:249] Returning certificate
[20332:30420:0625/171603.894:INFO:CONSOLE:3039] "[GroupMarkerNotSet(crbug.com/242999)!:A0E02F005C740000]Automatic fallback to software WebGL has been deprecated. Please use the --enable-unsafe-swiftshader (about:flags#enable-unsafe-swiftshader) flag to opt in to lower security guarantees for trusted content.", source: https://order.jd.com/center/list.action (3039)
[20872:29624:0625/171603.895:INFO:third_party\webrtc\p2p\base\p2p_transport_channel.cc:546] Set backup connection ping interval to 25000 milliseconds.
[20872:29624:0625/171603.895:INFO:third_party\webrtc\p2p\base\p2p_transport_channel.cc:555] Set ICE receiving timeout to 2500 milliseconds
[20872:29624:0625/171603.895:INFO:third_party\webrtc\p2p\base\p2p_transport_channel.cc:562] Set ping most likely connection to 0
[20872:29624:0625/171603.895:INFO:third_party\webrtc\p2p\base\p2p_transport_channel.cc:569] Set stable_writable_connection_ping_interval to 2500
[20872:29624:0625/171603.895:INFO:third_party\webrtc\p2p\base\p2p_transport_channel.cc:582] Set presume writable when fully relayed to 0
[20872:29624:0625/171603.895:INFO:third_party\webrtc\p2p\base\p2p_transport_channel.cc:600] Set regather_on_failed_networks_interval to 300000
[20872:29624:0625/171603.895:INFO:third_party\webrtc\p2p\base\p2p_transport_channel.cc:607] Set receiving_switching_delay to 1000
[20872:29624:0625/171603.895:INFO:third_party\webrtc\pc\jsep_transport_controller.cc:1184] Creating DtlsSrtpTransport.
[20872:29624:0625/171603.895:INFO:third_party\webrtc\pc\dtls_srtp_transport.cc:72] Setting RTP Transport on 0 transport 0x770c04b82c00
[20872:29624:0625/171603.895:INFO:third_party\webrtc\p2p\base\p2p_transport_channel.cc:480] Set ICE ufrag: BQiV pwd: as/5g+v7et0Z+rZVmCMmX73y on transport 0
[20872:30256:0625/171603.895:INFO:third_party\webrtc\pc\peer_connection.cc:2085] Creating data channel, mid=0
[20872:30256:0625/171603.895:INFO:third_party\webrtc\pc\sdp_offer_answer.cc:3092] Session: 6265456785314494962 Old state: stable New state: have-local-offer
[20872:29624:0625/171603.895:INFO:third_party\webrtc\p2p\client\basic_port_allocator.cc:367] Start getting ports with turn_port_prune_policy 0
[20872:29624:0625/171603.915:INFO:third_party\webrtc\p2p\client\basic_port_allocator.cc:809] Allocate ports on any any 
[20872:29624:0625/171603.915:INFO:third_party\webrtc\p2p\client\basic_port_allocator.cc:899] Network manager has started
[20872:29624:0625/171603.915:INFO:third_party\webrtc\p2p\client\basic_port_allocator.cc:1408] Net[any:0.0.0.x/0:Wildcard:id=0]: Allocation Phase=Udp
[20872:29624:0625/171603.915:INFO:third_party\webrtc\p2p\base\port.cc:146] Port[4484300::1:0:host:Net[any:0.0.0.x/0:Wildcard:id=0]]: Port created with network cost 999
[20872:29624:0625/171603.915:INFO:third_party\webrtc\p2p\client\basic_port_allocator.cc:1490] AllocationSequence: UDPPort will be handling the STUN candidate generation.
[20872:29624:0625/171603.915:INFO:third_party\webrtc\p2p\client\basic_port_allocator.cc:922] Adding allocated port for 0
[20872:29624:0625/171603.915:INFO:third_party\webrtc\p2p\client\basic_port_allocator.cc:942] Port[4484300:0:1:0:host:Net[any:0.0.0.x/0:Wildcard:id=0]]: Added port to allocator
[20872:29624:0625/171603.915:INFO:third_party\webrtc\p2p\client\basic_port_allocator.cc:1408] Net[any:0:0:0:x:x:x:x:x/0:Wildcard:id=0]: Allocation Phase=Udp
[20872:29624:0625/171603.915:INFO:third_party\webrtc\p2p\base\port.cc:146] Port[4480700::1:0:host:Net[any:0:0:0:x:x:x:x:x/0:Wildcard:id=0]]: Port created with network cost 999
[20872:29624:0625/171603.916:INFO:third_party\webrtc\p2p\client\basic_port_allocator.cc:1490] AllocationSequence: UDPPort will be handling the STUN candidate generation.
[20872:29624:0625/171603.916:INFO:third_party\webrtc\p2p\client\basic_port_allocator.cc:922] Adding allocated port for 0
[20872:29624:0625/171603.916:INFO:third_party\webrtc\p2p\client\basic_port_allocator.cc:942] Port[4480700:0:1:0:host:Net[any:0:0:0:x:x:x:x:x/0:Wildcard:id=0]]: Added port to allocator
[20872:29624:0625/171603.921:INFO:third_party\webrtc\p2p\base\stun_port.cc:444] Port[4484300:0:1:0:host:Net[any:0.0.0.x/0:Wildcard:id=0]]: Starting STUN host lookup for stun.services.mozilla.com:3478
[20872:29624:0625/171603.921:INFO:third_party\webrtc\p2p\base\stun_port.cc:444] Port[4480700:0:1:0:host:Net[any:0:0:0:x:x:x:x:x/0:Wildcard:id=0]]: Starting STUN host lookup for stun.services.mozilla.com:3478
[20872:29624:0625/171603.923:INFO:third_party\webrtc\p2p\client\basic_port_allocator.cc:959] Port[4484300:0:1:0:host:Net[any:0.0.0.x/0:Wildcard:id=0]]: Gathered candidate: Cand[:428159130:1:udp:2113937151:fc916001-0826-42d9-8cd1-964c3b815615.local:61705:host::0:BQiV:as/5g+v7et0Z+rZVmCMmX73y:0:999:0]
[20872:29624:0625/171603.923:INFO:third_party\webrtc\p2p\client\basic_port_allocator.cc:992] Port[4484300:0:1:0:host:Net[any:0.0.0.x/0:Wildcard:id=0]]: Port ready.
[20872:29624:0625/171603.925:INFO:third_party\webrtc\p2p\client\basic_port_allocator.cc:959] Port[4480700:0:1:0:host:Net[any:0:0:0:x:x:x:x:x/0:Wildcard:id=0]]: Gathered candidate: Cand[:3384998126:1:udp:2113929727:41e5f27b-4b98-459f-9e00-5ed9a02c6c77.local:61706:host::0:BQiV:as/5g+v7et0Z+rZVmCMmX73y:0:999:0]
[20872:29624:0625/171603.925:INFO:third_party\webrtc\p2p\client\basic_port_allocator.cc:992] Port[4480700:0:1:0:host:Net[any:0:0:0:x:x:x:x:x/0:Wildcard:id=0]]: Port ready.
[20872:29624:0625/171603.925:INFO:third_party\webrtc\p2p\client\basic_port_allocator.cc:1003] Discarding candidate because it doesn't match filter.
[24664:3616:0625/171603.933:ERROR:services\network\p2p\socket_manager.cc:137] Failed to resolve address for stun.services.mozilla.com., errorcode: -105
[24664:3616:0625/171603.934:ERROR:services\network\p2p\socket_manager.cc:137] Failed to resolve address for stun.services.mozilla.com., errorcode: -105
[20872:29624:0625/171603.935:WARNING:third_party\webrtc\p2p\base\stun_port.cc:455] Port[4480700:0:1:0:host:Net[any:0:0:0:x:x:x:x:x/0:Wildcard:id=0]]: StunPort: stun host lookup received error -1
[20872:29624:0625/171603.935:INFO:third_party\webrtc\p2p\client\basic_port_allocator.cc:1104] Port[4480700:0:1:0:host:Net[any:0:0:0:x:x:x:x:x/0:Wildcard:id=0]]: Port completed gathering candidates.
[20872:29624:0625/171603.935:WARNING:third_party\webrtc\p2p\base\stun_port.cc:455] Port[4484300:0:1:0:host:Net[any:0.0.0.x/0:Wildcard:id=0]]: StunPort: stun host lookup received error -1
[20872:29624:0625/171603.935:INFO:third_party\webrtc\p2p\client\basic_port_allocator.cc:1104] Port[4484300:0:1:0:host:Net[any:0.0.0.x/0:Wildcard:id=0]]: Port completed gathering candidates.
[20872:29624:0625/171603.969:INFO:third_party\webrtc\p2p\client\basic_port_allocator.cc:1408] Net[any:0.0.0.x/0:Wildcard:id=0]: Allocation Phase=Relay
[20872:29624:0625/171603.969:INFO:third_party\webrtc\p2p\client\basic_port_allocator.cc:1408] Net[any:0:0:0:x:x:x:x:x/0:Wildcard:id=0]: Allocation Phase=Relay
[532:29408:0625/171604.028:ERROR:gpu\command_buffer\service\gles2_cmd_decoder_passthrough.cc:1095] [GroupMarkerNotSet(crbug.com/242999)!:A0E02F005C740000]Automatic fallback to software WebGL has been deprecated. Please use the --enable-unsafe-swiftshader (about:flags#enable-unsafe-swiftshader) flag to opt in to lower security guarantees for trusted content.
[532:29408:0625/171604.030:ERROR:gpu\command_buffer\service\gles2_cmd_decoder_passthrough.cc:1095] [GroupMarkerNotSet(crbug.com/242999)!:A01030005C740000]Automatic fallback to software WebGL has been deprecated. Please use the --enable-unsafe-swiftshader (about:flags#enable-unsafe-swiftshader) flag to opt in to lower security guarantees for trusted content.
[20872:29624:0625/171604.032:INFO:third_party\webrtc\p2p\client\basic_port_allocator.cc:1408] Net[any:0.0.0.x/0:Wildcard:id=0]: Allocation Phase=Tcp
[20872:29624:0625/171604.032:INFO:third_party\webrtc\p2p\base\port.cc:146] Port[2ca4c00::1:0:host:Net[any:0.0.0.x/0:Wildcard:id=0]]: Port created with network cost 999
[20872:29624:0625/171604.032:INFO:third_party\webrtc\p2p\client\basic_port_allocator.cc:922] Adding allocated port for 0
[20872:29624:0625/171604.032:INFO:third_party\webrtc\p2p\client\basic_port_allocator.cc:942] Port[2ca4c00:0:1:0:host:Net[any:0.0.0.x/0:Wildcard:id=0]]: Added port to allocator
[20872:29624:0625/171604.032:INFO:third_party\webrtc\p2p\base\tcp_port.cc:185] Port[2ca4c00:0:1:0:host:Net[any:0.0.0.x/0:Wildcard:id=0]]: Not listening due to firewall restrictions.
[20872:29624:0625/171604.032:INFO:third_party\webrtc\p2p\client\basic_port_allocator.cc:1408] Net[any:0:0:0:x:x:x:x:x/0:Wildcard:id=0]: Allocation Phase=Tcp
[20872:29624:0625/171604.032:INFO:third_party\webrtc\p2p\base\port.cc:146] Port[4b81000::1:0:host:Net[any:0:0:0:x:x:x:x:x/0:Wildcard:id=0]]: Port created with network cost 999
[20872:29624:0625/171604.032:INFO:third_party\webrtc\p2p\client\basic_port_allocator.cc:922] Adding allocated port for 0
[20872:29624:0625/171604.032:INFO:third_party\webrtc\p2p\client\basic_port_allocator.cc:942] Port[4b81000:0:1:0:host:Net[any:0:0:0:x:x:x:x:x/0:Wildcard:id=0]]: Added port to allocator
[20872:29624:0625/171604.032:INFO:third_party\webrtc\p2p\base\tcp_port.cc:185] Port[4b81000:0:1:0:host:Net[any:0:0:0:x:x:x:x:x/0:Wildcard:id=0]]: Not listening due to firewall restrictions.
[20332:30420:0625/171604.045:INFO:CONSOLE:0] "[GroupMarkerNotSet(crbug.com/242999)!:A0E02F005C740000]Automatic fallback to software WebGL has been deprecated. Please use the --enable-unsafe-swiftshader (about:flags#enable-unsafe-swiftshader) flag to opt in to lower security guarantees for trusted content.", source: https://order.jd.com/center/list.action (0)
[20332:30420:0625/171604.045:INFO:CONSOLE:0] "[GroupMarkerNotSet(crbug.com/242999)!:A01030005C740000]Automatic fallback to software WebGL has been deprecated. Please use the --enable-unsafe-swiftshader (about:flags#enable-unsafe-swiftshader) flag to opt in to lower security guarantees for trusted content.", source: https://order.jd.com/center/list.action (0)
[20872:29624:0625/171604.045:INFO:third_party\webrtc\p2p\client\basic_port_allocator.cc:959] Port[2ca4c00:0:1:0:host:Net[any:0.0.0.x/0:Wildcard:id=0]]: Gathered candidate: Cand[:2765536205:1:tcp:1509957375:56e6ddbf-aaac-4825-9228-594fc3fca9ae.local:9:host::0:BQiV:as/5g+v7et0Z+rZVmCMmX73y:0:999:0]
[20872:29624:0625/171604.045:INFO:third_party\webrtc\p2p\client\basic_port_allocator.cc:992] Port[2ca4c00:0:1:0:host:Net[any:0.0.0.x/0:Wildcard:id=0]]: Port ready.
[20872:29624:0625/171604.045:INFO:third_party\webrtc\p2p\client\basic_port_allocator.cc:1003] Discarding candidate because it doesn't match filter.
[20872:29624:0625/171604.045:INFO:third_party\webrtc\p2p\client\basic_port_allocator.cc:1104] Port[2ca4c00:0:1:0:host:Net[any:0.0.0.x/0:Wildcard:id=0]]: Port completed gathering candidates.
[20872:29624:0625/171604.045:INFO:third_party\webrtc\p2p\client\basic_port_allocator.cc:959] Port[4b81000:0:1:0:host:Net[any:0:0:0:x:x:x:x:x/0:Wildcard:id=0]]: Gathered candidate: Cand[:3868936419:1:tcp:1509949951:41e5f27b-4b98-459f-9e00-5ed9a02c6c77.local:9:host::0:BQiV:as/5g+v7et0Z+rZVmCMmX73y:0:999:0]
[20872:29624:0625/171604.045:INFO:third_party\webrtc\p2p\client\basic_port_allocator.cc:992] Port[4b81000:0:1:0:host:Net[any:0:0:0:x:x:x:x:x/0:Wildcard:id=0]]: Port ready.
[20872:29624:0625/171604.045:INFO:third_party\webrtc\p2p\client\basic_port_allocator.cc:1003] Discarding candidate because it doesn't match filter.
[20872:29624:0625/171604.045:INFO:third_party\webrtc\p2p\client\basic_port_allocator.cc:1104] Port[4b81000:0:1:0:host:Net[any:0:0:0:x:x:x:x:x/0:Wildcard:id=0]]: Port completed gathering candidates.
[20872:29624:0625/171604.045:INFO:third_party\webrtc\p2p\client\basic_port_allocator.cc:1178] All candidates gathered for 0:1:0
[20872:29624:0625/171604.045:INFO:third_party\webrtc\p2p\base\p2p_transport_channel.cc:964] P2PTransportChannel: 0, component 1 gathering complete
[532:29408:0625/171616.227:ERROR:gpu\command_buffer\service\gles2_cmd_decoder_passthrough.cc:1095] [GroupMarkerNotSet(crbug.com/242999)!:A0802F005C740000]Automatic fallback to software WebGL has been deprecated. Please use the --enable-unsafe-swiftshader (about:flags#enable-unsafe-swiftshader) flag to opt in to lower security guarantees for trusted content.
[20332:30420:0625/171616.260:INFO:CONSOLE:5] "load rac js success!", source: https://storage.360buyimg.com/webcontainer/js_security_v3_0.1.4.js (5)
[20332:30420:0625/171616.263:INFO:CONSOLE:0] "[GroupMarkerNotSet(crbug.com/242999)!:A0802F005C740000]Automatic fallback to software WebGL has been deprecated. Please use the --enable-unsafe-swiftshader (about:flags#enable-unsafe-swiftshader) flag to opt in to lower security guarantees for trusted content.", source: https://home.jd.com/ (0)
[532:29408:0625/171616.270:ERROR:gpu\command_buffer\service\gles2_cmd_decoder_passthrough.cc:1095] [GroupMarkerNotSet(crbug.com/242999)!:A0402A005C740000]Automatic fallback to software WebGL has been deprecated. Please use the --enable-unsafe-swiftshader (about:flags#enable-unsafe-swiftshader) flag to opt in to lower security guarantees for trusted content.
[20332:30420:0625/171616.294:INFO:CONSOLE:0] "[GroupMarkerNotSet(crbug.com/242999)!:A0402A005C740000]Automatic fallback to software WebGL has been deprecated. Please use the --enable-unsafe-swiftshader (about:flags#enable-unsafe-swiftshader) flag to opt in to lower security guarantees for trusted content.", source: https://home.jd.com/ (0)
[20332:30420:0625/171616.415:INFO:CONSOLE:2] "document.domain mutation is ignored because the surrounding agent cluster is origin-keyed.", source: https://misc.360buyimg.com/??jdf/1.0.0/unit/base/5.0.0/base.js,jdf/lib/jquery-1.6.4.js,jdf/1.0.0/unit/basePatch/1.0.0/basePatch.js,mtd/pc/common/js/o2_ua.js,channel/lib/1.3.0/js/media-match.js (2)
[532:29408:0625/171616.512:ERROR:gpu\command_buffer\service\gles2_cmd_decoder_passthrough.cc:1095] [GroupMarkerNotSet(crbug.com/242999)!:A01030005C740000]Automatic fallback to software WebGL has been deprecated. Please use the --enable-unsafe-swiftshader (about:flags#enable-unsafe-swiftshader) flag to opt in to lower security guarantees for trusted content.
[20332:30420:0625/171616.534:INFO:CONSOLE:731] "[GroupMarkerNotSet(crbug.com/242999)!:A01030005C740000]Automatic fallback to software WebGL has been deprecated. Please use the --enable-unsafe-swiftshader (about:flags#enable-unsafe-swiftshader) flag to opt in to lower security guarantees for trusted content.", source: https://home.jd.com/ (731)
[532:29408:0625/171616.732:ERROR:gpu\command_buffer\service\gles2_cmd_decoder_passthrough.cc:1095] [GroupMarkerNotSet(crbug.com/242999)!:A0E02F005C740000]Automatic fallback to software WebGL has been deprecated. Please use the --enable-unsafe-swiftshader (about:flags#enable-unsafe-swiftshader) flag to opt in to lower security guarantees for trusted content.
[532:29408:0625/171616.735:ERROR:gpu\command_buffer\service\gles2_cmd_decoder_passthrough.cc:1095] [GroupMarkerNotSet(crbug.com/242999)!:A0E02F005C740000]Automatic fallback to software WebGL has been deprecated. Please use the --enable-unsafe-swiftshader (about:flags#enable-unsafe-swiftshader) flag to opt in to lower security guarantees for trusted content.
[532:29408:0625/171616.751:ERROR:gpu\command_buffer\service\gles2_cmd_decoder_passthrough.cc:1095] [GroupMarkerNotSet(crbug.com/242999)!:A0E02F005C740000]Automatic fallback to software WebGL has been deprecated. Please use the --enable-unsafe-swiftshader (about:flags#enable-unsafe-swiftshader) flag to opt in to lower security guarantees for trusted content.
[532:29408:0625/171616.755:ERROR:gpu\command_buffer\service\gles2_cmd_decoder_passthrough.cc:1095] [GroupMarkerNotSet(crbug.com/242999)!:A0E02F005C740000]Automatic fallback to software WebGL has been deprecated. Please use the --enable-unsafe-swiftshader (about:flags#enable-unsafe-swiftshader) flag to opt in to lower security guarantees for trusted content.
[20332:30420:0625/171617.654:INFO:CONSOLE:1] "Uncaught (in promise) TypeError: Cannot read properties of undefined (reading 'resultCode')", source: https://storage.jd.com/retail-mall/user_myJDHome/prod/2.0.37/js/app.js?t=92 (1)
[20332:30420:0625/171617.657:INFO:CONSOLE:1] "Uncaught (in promise) TypeError: Cannot read properties of undefined (reading 'success')", source: https://storage.jd.com/retail-mall/user_myJDHome/prod/2.0.37/js/app.js?t=92 (1)
[20332:30420:0625/171617.661:INFO:CONSOLE:1] "Uncaught (in promise) TypeError: Cannot read properties of undefined (reading 'resultCode')", source: https://storage.jd.com/retail-mall/user_myJDHome/prod/2.0.37/js/app.js?t=92 (1)
[23788:21536:0625/171619.822:INFO:third_party\webrtc\rtc_base\cpu_info.cc:57] Available number of cores: 20
[20332:30420:0625/171620.206:INFO:CONSOLE:2] "document.domain mutation is ignored because the surrounding agent cluster is origin-keyed.", source: https://misc.360buyimg.com/jdf/??/1.0.0/unit/base/5.0.0/base.js,/lib/jquery-1.6.4.js (2)
[20332:30420:0625/171620.224:INFO:CONSOLE:2] "document.domain mutation is ignored because the surrounding agent cluster is origin-keyed.", source: https://misc.360buyimg.com/??jdf/1.0.0/unit/base/5.0.0/base.js,jdf/lib/jquery-1.6.4.js,channel/lib/1.2.0/js/channel-base.js (2)
[20332:30420:0625/171620.261:INFO:CONSOLE:32141] "%cDownload the React DevTools for a better development experience: https://reactjs.org/link/react-devtools font-weight:bold", source: https://storage.360buyimg.com/retail-mall/lib/react-dom.production.js (32141)
[20332:30420:0625/171621.296:INFO:CONSOLE:1] "init plugin:  [object Object]", source: https://storage.360buyimg.com/dev-static/dra/probe-web/1.0.0/browser.js (1)
[20332:30420:0625/171621.297:INFO:CONSOLE:1] "init plugin:  [object Object]", source: https://storage.360buyimg.com/dev-static/dra/probe-web/1.0.0/browser.js (1)
[20332:30420:0625/171621.297:INFO:CONSOLE:1] "init plugin:  [object Object]", source: https://storage.360buyimg.com/dev-static/dra/probe-web/1.0.0/browser.js (1)
[20332:30420:0625/171621.297:INFO:CONSOLE:1] "init plugin:  [object Object]", source: https://storage.360buyimg.com/dev-static/dra/probe-web/1.0.0/browser.js (1)
[20332:30420:0625/171621.297:INFO:CONSOLE:1] "init plugin:  [object Object]", source: https://storage.360buyimg.com/dev-static/dra/probe-web/1.0.0/browser.js (1)
[20332:30420:0625/171621.297:INFO:CONSOLE:1] "init plugin:  [object Object]", source: https://storage.360buyimg.com/dev-static/dra/probe-web/1.0.0/browser.js (1)
[20332:30420:0625/171621.297:INFO:CONSOLE:1] "init plugin:  [object Object]", source: https://storage.360buyimg.com/dev-static/dra/probe-web/1.0.0/browser.js (1)
[20332:30420:0625/171621.298:INFO:CONSOLE:1] "init plugin:  [object Object]", source: https://storage.360buyimg.com/dev-static/dra/probe-web/1.0.0/browser.js (1)
[20332:30420:0625/171621.299:INFO:CONSOLE:1] "init plugin:  [object Object]", source: https://storage.360buyimg.com/dev-static/dra/probe-web/1.0.0/browser.js (1)
[20332:30420:0625/171621.299:INFO:CONSOLE:1] "init plugin:  [object Object]", source: https://storage.360buyimg.com/dev-static/dra/probe-web/1.0.0/browser.js (1)
[20332:30420:0625/171621.304:INFO:CONSOLE:1] "[object Object] resp", source: https://storage.360buyimg.com/retail-mall/overseas_pc/pre/0.0.20/js/main.40427dde.js (1)
[20332:30420:0625/171621.306:INFO:CONSOLE:1] "[object Object] resp", source: https://storage.360buyimg.com/retail-mall/overseas_pc/pre/0.0.20/js/main.40427dde.js (1)
[20332:30420:0625/171621.309:INFO:CONSOLE:1] "[object Object] resp", source: https://storage.360buyimg.com/retail-mall/overseas_pc/pre/0.0.20/js/main.40427dde.js (1)
[20332:30420:0625/171621.365:INFO:CONSOLE:1] "[object Object] resp", source: https://storage.360buyimg.com/retail-mall/overseas_pc/pre/0.0.20/js/main.40427dde.js (1)
[20332:30420:0625/171621.405:INFO:CONSOLE:1] "[object Object] resp", source: https://storage.360buyimg.com/retail-mall/overseas_pc/pre/0.0.20/js/main.40427dde.js (1)
[20332:30420:0625/171621.445:INFO:CONSOLE:1] "[object Object] resp", source: https://storage.360buyimg.com/retail-mall/overseas_pc/pre/0.0.20/js/main.40427dde.js (1)
[20332:30420:0625/171621.872:INFO:CONSOLE:1] "dra: running hook resp logic failed TypeError: Failed to construct 'URL': Invalid URL", source: https://storage.360buyimg.com/dev-static/dra/probe-web/1.0.0/browser.js (1)
[20332:30420:0625/171621.873:INFO:CONSOLE:1] "[object Object] resp", source: https://storage.360buyimg.com/retail-mall/overseas_pc/pre/0.0.20/js/main.40427dde.js (1)
[20332:30420:0625/171621.921:INFO:CONSOLE:1] "dra: running hook resp logic failed TypeError: Failed to construct 'URL': Invalid URL", source: https://storage.360buyimg.com/dev-static/dra/probe-web/1.0.0/browser.js (1)
[20332:30420:0625/171621.921:INFO:CONSOLE:1] "[object Object] resp", source: https://storage.360buyimg.com/retail-mall/overseas_pc/pre/0.0.20/js/main.40427dde.js (1)
[532:29408:0625/171622.612:ERROR:gpu\command_buffer\service\gles2_cmd_decoder_passthrough.cc:1095] [GroupMarkerNotSet(crbug.com/242999)!:A01030005C740000]Automatic fallback to software WebGL has been deprecated. Please use the --enable-unsafe-swiftshader (about:flags#enable-unsafe-swiftshader) flag to opt in to lower security guarantees for trusted content.
[26172:29944:0625/171622.636:INFO:third_party\webrtc\api\video_codecs\sdp_video_format.cc:291] Matched SdpVideoFormat Codec name: VP9, parameters: { } with Codec name: VP9, parameters: { profile-id=0 }, scalability_modes: [L1T1, L1T2, L1T3, L2T1, L2T1h, L2T1_KEY, L2T2, L2T2h, L2T2_KEY, L2T2_KEY_SHIFT, L2T3, L2T3h, L2T3_KEY, L3T1, L3T1h, L3T1_KEY, L3T2, L3T2h, L3T2_KEY, L3T3, L3T3h, L3T3_KEY, S2T1, S2T1h, S2T2, S2T2h, S2T3, S2T3h, S3T1, S3T1h, S3T2, S3T2h, S3T3, S3T3h]
[26172:29944:0625/171622.636:INFO:third_party\webrtc\api\video_codecs\sdp_video_format.cc:291] Matched SdpVideoFormat Codec name: AV1, parameters: { } with Codec name: AV1, parameters: { level-idx=5 profile=0 tier=0 }, scalability_modes: [L1T1, L1T2, L1T3, L2T1, L2T1h, L2T1_KEY, L2T2, L2T2h, L2T2_KEY, L2T2_KEY_SHIFT, L2T3, L2T3h, L2T3_KEY, L3T1, L3T1h, L3T1_KEY, L3T2, L3T2h, L3T2_KEY, L3T3, L3T3h, L3T3_KEY, S2T1, S2T1h, S2T2, S2T2h, S2T3, S2T3h, S3T1, S3T1h, S3T2, S3T2h, S3T3, S3T3h]
[26172:29944:0625/171622.636:INFO:third_party\webrtc\api\video_codecs\sdp_video_format.cc:289] Failed to match SdpVideoFormat Codec name: H265, parameters: { }
[26172:29944:0625/171622.636:INFO:third_party\blink\renderer\modules\peerconnection\peer_connection_dependency_factory.cc:802] Running WebRTC with a combined Network and Worker thread.
[26172:29944:0625/171622.636:INFO:third_party\webrtc\media\engine\webrtc_voice_engine.cc:478] WebRtcVoiceEngine::WebRtcVoiceEngine
[26172:12736:0625/171622.636:INFO:third_party\webrtc\media\engine\webrtc_voice_engine.cc:500] WebRtcVoiceEngine::Init
[26172:12736:0625/171622.636:INFO:third_party\webrtc\media\engine\webrtc_voice_engine.cc:603] WebRtcVoiceEngine::ApplyOptions: AudioOptions {aec: 1, agc: 1, ns: 1, hf: 1, swap: 0, audio_jitter_buffer_max_packets: 200, audio_jitter_buffer_fast_accelerate: 0, audio_jitter_buffer_min_delay_ms: 0, }
[26172:12736:0625/171622.637:INFO:third_party\webrtc\pc\peer_connection_factory.cc:412] Using default network controller factory
[26172:12736:0625/171622.637:INFO:third_party\webrtc\modules\pacing\bitrate_prober.cc:54] Bandwidth probing enabled, set to inactive
[26172:12736:0625/171622.637:INFO:third_party\webrtc\modules\remote_bitrate_estimator\transport_sequence_number_feedback_generator.cc:52] Maximum interval between transport feedback RTCP messages: 250 ms
[26172:12736:0625/171622.637:INFO:third_party\webrtc\modules\remote_bitrate_estimator\aimd_rate_control.cc:88] Using aimd rate control with back off factor 0.85
[26172:12736:0625/171622.637:INFO:third_party\webrtc\modules\remote_bitrate_estimator\remote_bitrate_estimator_single_stream.cc:59] RemoteBitrateEstimatorSingleStream: Instantiating.
[26172:12736:0625/171622.638:INFO:third_party\webrtc\rtc_base\openssl_key_pair.cc:40] Making key pair
[26172:12736:0625/171622.638:INFO:third_party\webrtc\rtc_base\openssl_key_pair.cc:93] Returning key pair
[26172:12736:0625/171622.638:INFO:third_party\webrtc\rtc_base\boringssl_certificate.cc:193] Making certificate for WebRTC
[26172:12736:0625/171622.638:INFO:third_party\webrtc\rtc_base\boringssl_certificate.cc:249] Returning certificate
[20332:30420:0625/171622.645:INFO:CONSOLE:0] "[GroupMarkerNotSet(crbug.com/242999)!:A01030005C740000]Automatic fallback to software WebGL has been deprecated. Please use the --enable-unsafe-swiftshader (about:flags#enable-unsafe-swiftshader) flag to opt in to lower security guarantees for trusted content.", source: https://global.jd.com/ (0)
[26172:12736:0625/171622.646:INFO:third_party\webrtc\p2p\base\p2p_transport_channel.cc:546] Set backup connection ping interval to 25000 milliseconds.
[26172:12736:0625/171622.646:INFO:third_party\webrtc\p2p\base\p2p_transport_channel.cc:555] Set ICE receiving timeout to 2500 milliseconds
[26172:12736:0625/171622.646:INFO:third_party\webrtc\p2p\base\p2p_transport_channel.cc:562] Set ping most likely connection to 0
[26172:12736:0625/171622.646:INFO:third_party\webrtc\p2p\base\p2p_transport_channel.cc:569] Set stable_writable_connection_ping_interval to 2500
[26172:12736:0625/171622.646:INFO:third_party\webrtc\p2p\base\p2p_transport_channel.cc:582] Set presume writable when fully relayed to 0
[26172:12736:0625/171622.646:INFO:third_party\webrtc\p2p\base\p2p_transport_channel.cc:600] Set regather_on_failed_networks_interval to 300000
[26172:12736:0625/171622.646:INFO:third_party\webrtc\p2p\base\p2p_transport_channel.cc:607] Set receiving_switching_delay to 1000
[26172:12736:0625/171622.646:INFO:third_party\webrtc\pc\jsep_transport_controller.cc:1184] Creating DtlsSrtpTransport.
[26172:12736:0625/171622.646:INFO:third_party\webrtc\pc\dtls_srtp_transport.cc:72] Setting RTP Transport on 0 transport 0x3f8c02e1d000
[26172:12736:0625/171622.646:INFO:third_party\webrtc\p2p\base\p2p_transport_channel.cc:480] Set ICE ufrag: GKFn pwd: u+PzdwnCve6fKSwnsIjk/da/ on transport 0
[26172:29944:0625/171622.646:INFO:third_party\webrtc\pc\peer_connection.cc:2085] Creating data channel, mid=0
[26172:29944:0625/171622.646:INFO:third_party\webrtc\pc\sdp_offer_answer.cc:3092] Session: 1602884643565218445 Old state: stable New state: have-local-offer
[26172:12736:0625/171622.646:INFO:third_party\webrtc\p2p\client\basic_port_allocator.cc:367] Start getting ports with turn_port_prune_policy 0
[26172:12736:0625/171622.653:INFO:third_party\webrtc\p2p\client\basic_port_allocator.cc:809] Allocate ports on any any 
[26172:12736:0625/171622.653:INFO:third_party\webrtc\p2p\client\basic_port_allocator.cc:899] Network manager has started
[26172:12736:0625/171622.653:INFO:third_party\webrtc\p2p\client\basic_port_allocator.cc:1408] Net[any:0.0.0.x/0:Wildcard:id=0]: Allocation Phase=Udp
[26172:12736:0625/171622.653:INFO:third_party\webrtc\p2p\base\port.cc:146] Port[252ab00::1:0:host:Net[any:0.0.0.x/0:Wildcard:id=0]]: Port created with network cost 999
[26172:12736:0625/171622.653:INFO:third_party\webrtc\p2p\client\basic_port_allocator.cc:1490] AllocationSequence: UDPPort will be handling the STUN candidate generation.
[26172:12736:0625/171622.653:INFO:third_party\webrtc\p2p\client\basic_port_allocator.cc:922] Adding allocated port for 0
[26172:12736:0625/171622.653:INFO:third_party\webrtc\p2p\client\basic_port_allocator.cc:942] Port[252ab00:0:1:0:host:Net[any:0.0.0.x/0:Wildcard:id=0]]: Added port to allocator
[26172:12736:0625/171622.653:INFO:third_party\webrtc\p2p\client\basic_port_allocator.cc:1408] Net[any:0:0:0:x:x:x:x:x/0:Wildcard:id=0]: Allocation Phase=Udp
[26172:12736:0625/171622.653:INFO:third_party\webrtc\p2p\base\port.cc:146] Port[252a600::1:0:host:Net[any:0:0:0:x:x:x:x:x/0:Wildcard:id=0]]: Port created with network cost 999
[26172:12736:0625/171622.653:INFO:third_party\webrtc\p2p\client\basic_port_allocator.cc:1490] AllocationSequence: UDPPort will be handling the STUN candidate generation.
[26172:12736:0625/171622.653:INFO:third_party\webrtc\p2p\client\basic_port_allocator.cc:922] Adding allocated port for 0
[26172:12736:0625/171622.653:INFO:third_party\webrtc\p2p\client\basic_port_allocator.cc:942] Port[252a600:0:1:0:host:Net[any:0:0:0:x:x:x:x:x/0:Wildcard:id=0]]: Added port to allocator
[26172:12736:0625/171622.653:INFO:third_party\webrtc\p2p\base\stun_port.cc:444] Port[252ab00:0:1:0:host:Net[any:0.0.0.x/0:Wildcard:id=0]]: Starting STUN host lookup for stun.services.mozilla.com:3478
[26172:12736:0625/171622.653:INFO:third_party\webrtc\p2p\base\stun_port.cc:444] Port[252a600:0:1:0:host:Net[any:0:0:0:x:x:x:x:x/0:Wildcard:id=0]]: Starting STUN host lookup for stun.services.mozilla.com:3478
[26172:12736:0625/171622.655:INFO:third_party\webrtc\p2p\client\basic_port_allocator.cc:959] Port[252ab00:0:1:0:host:Net[any:0.0.0.x/0:Wildcard:id=0]]: Gathered candidate: Cand[:2970570961:1:udp:2113937151:a3a0a2e0-c63f-496a-a6d9-4eeed5e1048a.local:65332:host::0:GKFn:u+PzdwnCve6fKSwnsIjk/da/:0:999:0]
[26172:12736:0625/171622.655:INFO:third_party\webrtc\p2p\client\basic_port_allocator.cc:992] Port[252ab00:0:1:0:host:Net[any:0.0.0.x/0:Wildcard:id=0]]: Port ready.
[26172:12736:0625/171622.656:INFO:third_party\webrtc\p2p\client\basic_port_allocator.cc:959] Port[252a600:0:1:0:host:Net[any:0:0:0:x:x:x:x:x/0:Wildcard:id=0]]: Gathered candidate: Cand[:1877178086:1:udp:2113929727:4b7bad50-6c77-4882-b432-48f9733c71f3.local:65333:host::0:GKFn:u+PzdwnCve6fKSwnsIjk/da/:0:999:0]
[26172:12736:0625/171622.656:INFO:third_party\webrtc\p2p\client\basic_port_allocator.cc:992] Port[252a600:0:1:0:host:Net[any:0:0:0:x:x:x:x:x/0:Wildcard:id=0]]: Port ready.
[26172:12736:0625/171622.656:INFO:third_party\webrtc\p2p\client\basic_port_allocator.cc:1003] Discarding candidate because it doesn't match filter.
[24664:3616:0625/171622.662:ERROR:services\network\p2p\socket_manager.cc:137] Failed to resolve address for stun.services.mozilla.com., errorcode: -105
[26172:12736:0625/171622.663:WARNING:third_party\webrtc\p2p\base\stun_port.cc:455] Port[252ab00:0:1:0:host:Net[any:0.0.0.x/0:Wildcard:id=0]]: StunPort: stun host lookup received error -1
[26172:12736:0625/171622.663:INFO:third_party\webrtc\p2p\client\basic_port_allocator.cc:1104] Port[252ab00:0:1:0:host:Net[any:0.0.0.x/0:Wildcard:id=0]]: Port completed gathering candidates.
[24664:3616:0625/171622.664:ERROR:services\network\p2p\socket_manager.cc:137] Failed to resolve address for stun.services.mozilla.com., errorcode: -105
[26172:12736:0625/171622.664:WARNING:third_party\webrtc\p2p\base\stun_port.cc:455] Port[252a600:0:1:0:host:Net[any:0:0:0:x:x:x:x:x/0:Wildcard:id=0]]: StunPort: stun host lookup received error -1
[26172:12736:0625/171622.664:INFO:third_party\webrtc\p2p\client\basic_port_allocator.cc:1104] Port[252a600:0:1:0:host:Net[any:0:0:0:x:x:x:x:x/0:Wildcard:id=0]]: Port completed gathering candidates.
[26172:12736:0625/171622.720:INFO:third_party\webrtc\p2p\client\basic_port_allocator.cc:1408] Net[any:0.0.0.x/0:Wildcard:id=0]: Allocation Phase=Relay
[26172:12736:0625/171622.720:INFO:third_party\webrtc\p2p\client\basic_port_allocator.cc:1408] Net[any:0:0:0:x:x:x:x:x/0:Wildcard:id=0]: Allocation Phase=Relay
[532:29408:0625/171622.773:ERROR:gpu\command_buffer\service\gles2_cmd_decoder_passthrough.cc:1095] [GroupMarkerNotSet(crbug.com/242999)!:A0E02F005C740000]Automatic fallback to software WebGL has been deprecated. Please use the --enable-unsafe-swiftshader (about:flags#enable-unsafe-swiftshader) flag to opt in to lower security guarantees for trusted content.
[532:29408:0625/171622.776:ERROR:gpu\command_buffer\service\gles2_cmd_decoder_passthrough.cc:1095] [GroupMarkerNotSet(crbug.com/242999)!:A0402A005C740000]Automatic fallback to software WebGL has been deprecated. Please use the --enable-unsafe-swiftshader (about:flags#enable-unsafe-swiftshader) flag to opt in to lower security guarantees for trusted content.
[26172:12736:0625/171622.782:INFO:third_party\webrtc\p2p\client\basic_port_allocator.cc:1408] Net[any:0.0.0.x/0:Wildcard:id=0]: Allocation Phase=Tcp
[26172:12736:0625/171622.782:INFO:third_party\webrtc\p2p\base\port.cc:146] Port[2e1cc00::1:0:host:Net[any:0.0.0.x/0:Wildcard:id=0]]: Port created with network cost 999
[26172:12736:0625/171622.782:INFO:third_party\webrtc\p2p\client\basic_port_allocator.cc:922] Adding allocated port for 0
[26172:12736:0625/171622.782:INFO:third_party\webrtc\p2p\client\basic_port_allocator.cc:942] Port[2e1cc00:0:1:0:host:Net[any:0.0.0.x/0:Wildcard:id=0]]: Added port to allocator
[26172:12736:0625/171622.782:INFO:third_party\webrtc\p2p\base\tcp_port.cc:185] Port[2e1cc00:0:1:0:host:Net[any:0.0.0.x/0:Wildcard:id=0]]: Not listening due to firewall restrictions.
[26172:12736:0625/171622.782:INFO:third_party\webrtc\p2p\client\basic_port_allocator.cc:1408] Net[any:0:0:0:x:x:x:x:x/0:Wildcard:id=0]: Allocation Phase=Tcp
[26172:12736:0625/171622.782:INFO:third_party\webrtc\p2p\base\port.cc:146] Port[2e1d800::1:0:host:Net[any:0:0:0:x:x:x:x:x/0:Wildcard:id=0]]: Port created with network cost 999
[26172:12736:0625/171622.782:INFO:third_party\webrtc\p2p\client\basic_port_allocator.cc:922] Adding allocated port for 0
[26172:12736:0625/171622.782:INFO:third_party\webrtc\p2p\client\basic_port_allocator.cc:942] Port[2e1d800:0:1:0:host:Net[any:0:0:0:x:x:x:x:x/0:Wildcard:id=0]]: Added port to allocator
[26172:12736:0625/171622.782:INFO:third_party\webrtc\p2p\base\tcp_port.cc:185] Port[2e1d800:0:1:0:host:Net[any:0:0:0:x:x:x:x:x/0:Wildcard:id=0]]: Not listening due to firewall restrictions.
[20332:30420:0625/171622.873:INFO:CONSOLE:0] "[GroupMarkerNotSet(crbug.com/242999)!:A0E02F005C740000]Automatic fallback to software WebGL has been deprecated. Please use the --enable-unsafe-swiftshader (about:flags#enable-unsafe-swiftshader) flag to opt in to lower security guarantees for trusted content.", source: https://global.jd.com/ (0)
[20332:30420:0625/171622.873:INFO:CONSOLE:0] "[GroupMarkerNotSet(crbug.com/242999)!:A0402A005C740000]Automatic fallback to software WebGL has been deprecated. Please use the --enable-unsafe-swiftshader (about:flags#enable-unsafe-swiftshader) flag to opt in to lower security guarantees for trusted content.", source: https://global.jd.com/ (0)
[26172:12736:0625/171622.874:INFO:third_party\webrtc\p2p\client\basic_port_allocator.cc:959] Port[2e1cc00:0:1:0:host:Net[any:0.0.0.x/0:Wildcard:id=0]]: Gathered candidate: Cand[:1050639545:1:tcp:1509957375:fc1f6463-882d-48d2-8f33-a4806ef59c3a.local:9:host::0:GKFn:u+PzdwnCve6fKSwnsIjk/da/:0:999:0]
[26172:12736:0625/171622.874:INFO:third_party\webrtc\p2p\client\basic_port_allocator.cc:992] Port[2e1cc00:0:1:0:host:Net[any:0.0.0.x/0:Wildcard:id=0]]: Port ready.
[26172:12736:0625/171622.874:INFO:third_party\webrtc\p2p\client\basic_port_allocator.cc:1003] Discarding candidate because it doesn't match filter.
[26172:12736:0625/171622.874:INFO:third_party\webrtc\p2p\client\basic_port_allocator.cc:1104] Port[2e1cc00:0:1:0:host:Net[any:0.0.0.x/0:Wildcard:id=0]]: Port completed gathering candidates.
[26172:12736:0625/171622.874:INFO:third_party\webrtc\p2p\client\basic_port_allocator.cc:959] Port[2e1d800:0:1:0:host:Net[any:0:0:0:x:x:x:x:x/0:Wildcard:id=0]]: Gathered candidate: Cand[:288134270:1:tcp:1509949951:4b7bad50-6c77-4882-b432-48f9733c71f3.local:9:host::0:GKFn:u+PzdwnCve6fKSwnsIjk/da/:0:999:0]
[26172:12736:0625/171622.874:INFO:third_party\webrtc\p2p\client\basic_port_allocator.cc:992] Port[2e1d800:0:1:0:host:Net[any:0:0:0:x:x:x:x:x/0:Wildcard:id=0]]: Port ready.
[26172:12736:0625/171622.874:INFO:third_party\webrtc\p2p\client\basic_port_allocator.cc:1003] Discarding candidate because it doesn't match filter.
[26172:12736:0625/171622.874:INFO:third_party\webrtc\p2p\client\basic_port_allocator.cc:1104] Port[2e1d800:0:1:0:host:Net[any:0:0:0:x:x:x:x:x/0:Wildcard:id=0]]: Port completed gathering candidates.
[26172:12736:0625/171622.874:INFO:third_party\webrtc\p2p\client\basic_port_allocator.cc:1178] All candidates gathered for 0:1:0
[26172:12736:0625/171622.874:INFO:third_party\webrtc\p2p\base\p2p_transport_channel.cc:964] P2PTransportChannel: 0, component 1 gathering complete
[20332:24860:0625/171631.210:ERROR:google_apis\gcm\engine\registration_request.cc:291] Registration response error message: DEPRECATED_ENDPOINT
[20872:30256:0625/171646.889:INFO:third_party\webrtc\pc\sdp_offer_answer.cc:3092] Session: 6265456785314494962 Old state: have-local-offer New state: closed
[20872:29624:0625/171646.889:INFO:third_party\webrtc\pc\peer_connection.cc:2542] Tearing down data channel transport for mid=0
