[25388:28480:0625/171100.309:INFO:components\enterprise\browser\controller\chrome_browser_cloud_management_controller.cc:202] No machine level policy manager exists.
[13220:9968:0625/171100.574:INFO:third_party\webrtc\rtc_base\cpu_info.cc:57] Available number of cores: 20
[28396:30372:0625/171100.656:INFO:third_party\webrtc\rtc_base\cpu_info.cc:57] Available number of cores: 20
[27040:26520:0625/171101.537:VERBOSE1:components\viz\service\main\viz_main_impl.cc:86] VizNullHypothesis is disabled (not a warning)
[26024:24404:0625/171101.707:INFO:third_party\webrtc\rtc_base\cpu_info.cc:57] Available number of cores: 20
[15528:2380:0625/171101.768:INFO:third_party\webrtc\rtc_base\cpu_info.cc:57] Available number of cores: 20
[27040:26520:0625/171103.307:ERROR:gpu\command_buffer\service\gles2_cmd_decoder_passthrough.cc:1095] [GroupMarkerNotSet(crbug.com/242999)!:A0002A00FC010000]Automatic fallback to software WebGL has been deprecated. Please use the --enable-unsafe-swiftshader (about:flags#enable-unsafe-swiftshader) flag to opt in to lower security guarantees for trusted content.
[25388:28480:0625/171103.313:INFO:CONSOLE:0] "[GroupMarkerNotSet(crbug.com/242999)!:A0002A00FC010000]Automatic fallback to software WebGL has been deprecated. Please use the --enable-unsafe-swiftshader (about:flags#enable-unsafe-swiftshader) flag to opt in to lower security guarantees for trusted content.", source: https://cfe.m.jd.com/privatedomain/risk_handler/03101900/?returnurl=https%3A%2F%2Forder.jd.com%2Fcenter%2Flist.action&evtype=2&rpid=rp-195903498-10453-1750842663342 (0)
[28252:8224:0625/171104.392:WARNING:net\spdy\spdy_session.cc:3009] Received WINDOW_UPDATE for invalid stream 15
[27040:26520:0625/171104.844:ERROR:gpu\command_buffer\service\gles2_cmd_decoder_passthrough.cc:1095] [GroupMarkerNotSet(crbug.com/242999)!:A0002A00FC010000]Automatic fallback to software WebGL has been deprecated. Please use the --enable-unsafe-swiftshader (about:flags#enable-unsafe-swiftshader) flag to opt in to lower security guarantees for trusted content.
[27040:26520:0625/171104.849:ERROR:gpu\command_buffer\service\gl_utils.cc:443] [.WebGL-0x24ac01316a00]GL Driver Message (OpenGL, Performance, GL_CLOSE_PATH_NV, High): GPU stall due to ReadPixels
[26024:30660:0625/171104.869:INFO:third_party\webrtc\api\video_codecs\sdp_video_format.cc:291] Matched SdpVideoFormat Codec name: VP9, parameters: { } with Codec name: VP9, parameters: { profile-id=0 }, scalability_modes: [L1T1, L1T2, L1T3, L2T1, L2T1h, L2T1_KEY, L2T2, L2T2h, L2T2_KEY, L2T2_KEY_SHIFT, L2T3, L2T3h, L2T3_KEY, L3T1, L3T1h, L3T1_KEY, L3T2, L3T2h, L3T2_KEY, L3T3, L3T3h, L3T3_KEY, S2T1, S2T1h, S2T2, S2T2h, S2T3, S2T3h, S3T1, S3T1h, S3T2, S3T2h, S3T3, S3T3h]
[26024:30660:0625/171104.869:INFO:third_party\webrtc\api\video_codecs\sdp_video_format.cc:291] Matched SdpVideoFormat Codec name: AV1, parameters: { } with Codec name: AV1, parameters: { level-idx=5 profile=0 tier=0 }, scalability_modes: [L1T1, L1T2, L1T3, L2T1, L2T1h, L2T1_KEY, L2T2, L2T2h, L2T2_KEY, L2T2_KEY_SHIFT, L2T3, L2T3h, L2T3_KEY, L3T1, L3T1h, L3T1_KEY, L3T2, L3T2h, L3T2_KEY, L3T3, L3T3h, L3T3_KEY, S2T1, S2T1h, S2T2, S2T2h, S2T3, S2T3h, S3T1, S3T1h, S3T2, S3T2h, S3T3, S3T3h]
[26024:30660:0625/171104.869:INFO:third_party\webrtc\api\video_codecs\sdp_video_format.cc:289] Failed to match SdpVideoFormat Codec name: H265, parameters: { }
[26024:30660:0625/171104.869:INFO:third_party\blink\renderer\modules\peerconnection\peer_connection_dependency_factory.cc:802] Running WebRTC with a combined Network and Worker thread.
[26024:30660:0625/171104.869:INFO:third_party\webrtc\media\engine\webrtc_voice_engine.cc:478] WebRtcVoiceEngine::WebRtcVoiceEngine
[26024:18940:0625/171104.869:INFO:third_party\webrtc\media\engine\webrtc_voice_engine.cc:500] WebRtcVoiceEngine::Init
[26024:18940:0625/171104.869:INFO:third_party\webrtc\media\engine\webrtc_voice_engine.cc:603] WebRtcVoiceEngine::ApplyOptions: AudioOptions {aec: 1, agc: 1, ns: 1, hf: 1, swap: 0, audio_jitter_buffer_max_packets: 200, audio_jitter_buffer_fast_accelerate: 0, audio_jitter_buffer_min_delay_ms: 0, }
[26024:18940:0625/171104.870:INFO:third_party\webrtc\pc\peer_connection_factory.cc:412] Using default network controller factory
[26024:18940:0625/171104.870:INFO:third_party\webrtc\modules\pacing\bitrate_prober.cc:54] Bandwidth probing enabled, set to inactive
[26024:18940:0625/171104.870:INFO:third_party\webrtc\modules\remote_bitrate_estimator\transport_sequence_number_feedback_generator.cc:52] Maximum interval between transport feedback RTCP messages: 250 ms
[26024:18940:0625/171104.870:INFO:third_party\webrtc\modules\remote_bitrate_estimator\aimd_rate_control.cc:88] Using aimd rate control with back off factor 0.85
[26024:18940:0625/171104.870:INFO:third_party\webrtc\modules\remote_bitrate_estimator\remote_bitrate_estimator_single_stream.cc:59] RemoteBitrateEstimatorSingleStream: Instantiating.
[26024:18940:0625/171104.871:INFO:third_party\webrtc\rtc_base\openssl_key_pair.cc:40] Making key pair
[26024:18940:0625/171104.871:INFO:third_party\webrtc\rtc_base\openssl_key_pair.cc:93] Returning key pair
[26024:18940:0625/171104.871:INFO:third_party\webrtc\rtc_base\boringssl_certificate.cc:193] Making certificate for WebRTC
[26024:18940:0625/171104.871:INFO:third_party\webrtc\rtc_base\boringssl_certificate.cc:249] Returning certificate
[27040:26520:0625/171104.874:ERROR:gpu\command_buffer\service\gles2_cmd_decoder_passthrough.cc:1095] [GroupMarkerNotSet(crbug.com/242999)!:A0602A00FC010000]Automatic fallback to software WebGL has been deprecated. Please use the --enable-unsafe-swiftshader (about:flags#enable-unsafe-swiftshader) flag to opt in to lower security guarantees for trusted content.
[27040:26520:0625/171104.877:ERROR:gpu\command_buffer\service\gles2_cmd_decoder_passthrough.cc:1095] [GroupMarkerNotSet(crbug.com/242999)!:A0302A00FC010000]Automatic fallback to software WebGL has been deprecated. Please use the --enable-unsafe-swiftshader (about:flags#enable-unsafe-swiftshader) flag to opt in to lower security guarantees for trusted content.
[25388:28480:0625/171104.888:INFO:CONSOLE:1] "[GroupMarkerNotSet(crbug.com/242999)!:A0002A00FC010000]Automatic fallback to software WebGL has been deprecated. Please use the --enable-unsafe-swiftshader (about:flags#enable-unsafe-swiftshader) flag to opt in to lower security guarantees for trusted content.", source: https://plogin.m.jd.com/login/login?appid=2193&czLogin=1&returnurl=https%3A%2F%2Fsearch.jd.com%2FSearch%3Fkeyword%3D%25E7%25AC%2594%25E8%25AE%25B0%25E6%259C%25AC%25E7%2594%25B5%25E8%2584%2591 (1)
[25388:28480:0625/171104.888:INFO:CONSOLE:1] "[.WebGL-0x24ac01316a00]GL Driver Message (OpenGL, Performance, GL_CLOSE_PATH_NV, High): GPU stall due to ReadPixels", source: https://plogin.m.jd.com/login/login?appid=2193&czLogin=1&returnurl=https%3A%2F%2Fsearch.jd.com%2FSearch%3Fkeyword%3D%25E7%25AC%2594%25E8%25AE%25B0%25E6%259C%25AC%25E7%2594%25B5%25E8%2584%2591 (1)
[25388:28480:0625/171104.888:INFO:CONSOLE:1] "[GroupMarkerNotSet(crbug.com/242999)!:A0602A00FC010000]Automatic fallback to software WebGL has been deprecated. Please use the --enable-unsafe-swiftshader (about:flags#enable-unsafe-swiftshader) flag to opt in to lower security guarantees for trusted content.", source: https://plogin.m.jd.com/login/login?appid=2193&czLogin=1&returnurl=https%3A%2F%2Fsearch.jd.com%2FSearch%3Fkeyword%3D%25E7%25AC%2594%25E8%25AE%25B0%25E6%259C%25AC%25E7%2594%25B5%25E8%2584%2591 (1)
[26024:18940:0625/171104.888:INFO:third_party\webrtc\p2p\base\p2p_transport_channel.cc:546] Set backup connection ping interval to 25000 milliseconds.
[26024:18940:0625/171104.888:INFO:third_party\webrtc\p2p\base\p2p_transport_channel.cc:555] Set ICE receiving timeout to 2500 milliseconds
[26024:18940:0625/171104.888:INFO:third_party\webrtc\p2p\base\p2p_transport_channel.cc:562] Set ping most likely connection to 0
[26024:18940:0625/171104.888:INFO:third_party\webrtc\p2p\base\p2p_transport_channel.cc:569] Set stable_writable_connection_ping_interval to 2500
[26024:18940:0625/171104.888:INFO:third_party\webrtc\p2p\base\p2p_transport_channel.cc:582] Set presume writable when fully relayed to 0
[26024:18940:0625/171104.888:INFO:third_party\webrtc\p2p\base\p2p_transport_channel.cc:600] Set regather_on_failed_networks_interval to 300000
[26024:18940:0625/171104.888:INFO:third_party\webrtc\p2p\base\p2p_transport_channel.cc:607] Set receiving_switching_delay to 1000
[26024:18940:0625/171104.888:INFO:third_party\webrtc\pc\jsep_transport_controller.cc:1184] Creating DtlsSrtpTransport.
[26024:18940:0625/171104.888:INFO:third_party\webrtc\pc\dtls_srtp_transport.cc:72] Setting RTP Transport on 0 transport 0x24ac020ab800
[26024:18940:0625/171104.888:INFO:third_party\webrtc\p2p\base\p2p_transport_channel.cc:480] Set ICE ufrag: cJdX pwd: t5qRtZB+BU/j7fsEdBMZrVXR on transport 0
[26024:30660:0625/171104.888:INFO:third_party\webrtc\pc\peer_connection.cc:2085] Creating data channel, mid=0
[26024:30660:0625/171104.888:INFO:third_party\webrtc\pc\sdp_offer_answer.cc:3092] Session: 1618133753513707158 Old state: stable New state: have-local-offer
[25388:28480:0625/171104.889:INFO:CONSOLE:1] "[GroupMarkerNotSet(crbug.com/242999)!:A0302A00FC010000]Automatic fallback to software WebGL has been deprecated. Please use the --enable-unsafe-swiftshader (about:flags#enable-unsafe-swiftshader) flag to opt in to lower security guarantees for trusted content.", source: https://plogin.m.jd.com/login/login?appid=2193&czLogin=1&returnurl=https%3A%2F%2Fsearch.jd.com%2FSearch%3Fkeyword%3D%25E7%25AC%2594%25E8%25AE%25B0%25E6%259C%25AC%25E7%2594%25B5%25E8%2584%2591 (1)
[26024:18940:0625/171104.889:INFO:third_party\webrtc\p2p\client\basic_port_allocator.cc:367] Start getting ports with turn_port_prune_policy 0
[25388:28480:0625/171104.915:INFO:CONSOLE:5] "load rac js success!", source: https://storage.360buyimg.com/webcontainer/js_security_v3_lite_0.1.5.js (5)
[26024:18940:0625/171104.915:INFO:third_party\webrtc\p2p\client\basic_port_allocator.cc:809] Allocate ports on any any 
[26024:18940:0625/171104.915:INFO:third_party\webrtc\p2p\client\basic_port_allocator.cc:899] Network manager has started
[26024:18940:0625/171104.915:INFO:third_party\webrtc\p2p\client\basic_port_allocator.cc:1408] Net[any:0.0.0.x/0:Wildcard:id=0]: Allocation Phase=Udp
[26024:18940:0625/171104.915:INFO:third_party\webrtc\p2p\base\port.cc:146] Port[2049900::1:0:host:Net[any:0.0.0.x/0:Wildcard:id=0]]: Port created with network cost 999
[26024:18940:0625/171104.916:INFO:third_party\webrtc\p2p\client\basic_port_allocator.cc:1490] AllocationSequence: UDPPort will be handling the STUN candidate generation.
[26024:18940:0625/171104.916:INFO:third_party\webrtc\p2p\client\basic_port_allocator.cc:922] Adding allocated port for 0
[26024:18940:0625/171104.916:INFO:third_party\webrtc\p2p\client\basic_port_allocator.cc:942] Port[2049900:0:1:0:host:Net[any:0.0.0.x/0:Wildcard:id=0]]: Added port to allocator
[26024:18940:0625/171104.916:INFO:third_party\webrtc\p2p\client\basic_port_allocator.cc:1408] Net[any:0:0:0:x:x:x:x:x/0:Wildcard:id=0]: Allocation Phase=Udp
[26024:18940:0625/171104.916:INFO:third_party\webrtc\p2p\base\port.cc:146] Port[2053e00::1:0:host:Net[any:0:0:0:x:x:x:x:x/0:Wildcard:id=0]]: Port created with network cost 999
[26024:18940:0625/171104.916:INFO:third_party\webrtc\p2p\client\basic_port_allocator.cc:1490] AllocationSequence: UDPPort will be handling the STUN candidate generation.
[26024:18940:0625/171104.916:INFO:third_party\webrtc\p2p\client\basic_port_allocator.cc:922] Adding allocated port for 0
[26024:18940:0625/171104.916:INFO:third_party\webrtc\p2p\client\basic_port_allocator.cc:942] Port[2053e00:0:1:0:host:Net[any:0:0:0:x:x:x:x:x/0:Wildcard:id=0]]: Added port to allocator
[26024:18940:0625/171104.972:INFO:third_party\webrtc\p2p\client\basic_port_allocator.cc:1408] Net[any:0.0.0.x/0:Wildcard:id=0]: Allocation Phase=Relay
[26024:18940:0625/171104.972:INFO:third_party\webrtc\p2p\client\basic_port_allocator.cc:1408] Net[any:0:0:0:x:x:x:x:x/0:Wildcard:id=0]: Allocation Phase=Relay
[26024:18940:0625/171104.974:INFO:third_party\webrtc\p2p\base\stun_port.cc:444] Port[2049900:0:1:0:host:Net[any:0.0.0.x/0:Wildcard:id=0]]: Starting STUN host lookup for stun.services.mozilla.com:3478
[26024:18940:0625/171104.974:INFO:third_party\webrtc\p2p\base\stun_port.cc:444] Port[2053e00:0:1:0:host:Net[any:0:0:0:x:x:x:x:x/0:Wildcard:id=0]]: Starting STUN host lookup for stun.services.mozilla.com:3478
[25388:28480:0625/171104.981:INFO:CONSOLE:0] "[DOM] Password field is not contained in a form: (More info: https://goo.gl/9p2vKq) %o", source: https://plogin.m.jd.com/login/login?appid=2193&czLogin=1&returnurl=https%3A%2F%2Fsearch.jd.com%2FSearch%3Fkeyword%3D%25E7%25AC%2594%25E8%25AE%25B0%25E6%259C%25AC%25E7%2594%25B5%25E8%2584%2591 (0)
[26024:18940:0625/171104.983:INFO:third_party\webrtc\p2p\client\basic_port_allocator.cc:959] Port[2049900:0:1:0:host:Net[any:0.0.0.x/0:Wildcard:id=0]]: Gathered candidate: Cand[:3687892825:1:udp:2113937151:cd0de2c9-2f49-4978-8ab2-f65639e4f45a.local:64705:host::0:cJdX:t5qRtZB+BU/j7fsEdBMZrVXR:0:999:0]
[26024:18940:0625/171104.983:INFO:third_party\webrtc\p2p\client\basic_port_allocator.cc:992] Port[2049900:0:1:0:host:Net[any:0.0.0.x/0:Wildcard:id=0]]: Port ready.
[26024:18940:0625/171104.984:INFO:third_party\webrtc\p2p\client\basic_port_allocator.cc:959] Port[2053e00:0:1:0:host:Net[any:0:0:0:x:x:x:x:x/0:Wildcard:id=0]]: Gathered candidate: Cand[:87875950:1:udp:2113929727:ab219cca-10fc-40d2-b0af-e5979f0c190e.local:64706:host::0:cJdX:t5qRtZB+BU/j7fsEdBMZrVXR:0:999:0]
[26024:18940:0625/171104.984:INFO:third_party\webrtc\p2p\client\basic_port_allocator.cc:992] Port[2053e00:0:1:0:host:Net[any:0:0:0:x:x:x:x:x/0:Wildcard:id=0]]: Port ready.
[26024:18940:0625/171104.984:INFO:third_party\webrtc\p2p\client\basic_port_allocator.cc:1003] Discarding candidate because it doesn't match filter.
[28252:8224:0625/171104.996:ERROR:services\network\p2p\socket_manager.cc:137] Failed to resolve address for stun.services.mozilla.com., errorcode: -105
[28252:8224:0625/171104.996:ERROR:services\network\p2p\socket_manager.cc:137] Failed to resolve address for stun.services.mozilla.com., errorcode: -105
[26024:18940:0625/171104.996:WARNING:third_party\webrtc\p2p\base\stun_port.cc:455] Port[2049900:0:1:0:host:Net[any:0.0.0.x/0:Wildcard:id=0]]: StunPort: stun host lookup received error -1
[26024:18940:0625/171104.996:INFO:third_party\webrtc\p2p\client\basic_port_allocator.cc:1104] Port[2049900:0:1:0:host:Net[any:0.0.0.x/0:Wildcard:id=0]]: Port completed gathering candidates.
[26024:18940:0625/171104.996:WARNING:third_party\webrtc\p2p\base\stun_port.cc:455] Port[2053e00:0:1:0:host:Net[any:0:0:0:x:x:x:x:x/0:Wildcard:id=0]]: StunPort: stun host lookup received error -1
[26024:18940:0625/171104.996:INFO:third_party\webrtc\p2p\client\basic_port_allocator.cc:1104] Port[2053e00:0:1:0:host:Net[any:0:0:0:x:x:x:x:x/0:Wildcard:id=0]]: Port completed gathering candidates.
[26024:18940:0625/171105.032:INFO:third_party\webrtc\p2p\client\basic_port_allocator.cc:1408] Net[any:0.0.0.x/0:Wildcard:id=0]: Allocation Phase=Tcp
[26024:18940:0625/171105.032:INFO:third_party\webrtc\p2p\base\port.cc:146] Port[20ab400::1:0:host:Net[any:0.0.0.x/0:Wildcard:id=0]]: Port created with network cost 999
[26024:18940:0625/171105.032:INFO:third_party\webrtc\p2p\client\basic_port_allocator.cc:922] Adding allocated port for 0
[26024:18940:0625/171105.032:INFO:third_party\webrtc\p2p\client\basic_port_allocator.cc:942] Port[20ab400:0:1:0:host:Net[any:0.0.0.x/0:Wildcard:id=0]]: Added port to allocator
[26024:18940:0625/171105.032:INFO:third_party\webrtc\p2p\base\tcp_port.cc:185] Port[20ab400:0:1:0:host:Net[any:0.0.0.x/0:Wildcard:id=0]]: Not listening due to firewall restrictions.
[26024:18940:0625/171105.032:INFO:third_party\webrtc\p2p\client\basic_port_allocator.cc:1408] Net[any:0:0:0:x:x:x:x:x/0:Wildcard:id=0]: Allocation Phase=Tcp
[26024:18940:0625/171105.032:INFO:third_party\webrtc\p2p\base\port.cc:146] Port[2a7e000::1:0:host:Net[any:0:0:0:x:x:x:x:x/0:Wildcard:id=0]]: Port created with network cost 999
[26024:18940:0625/171105.032:INFO:third_party\webrtc\p2p\client\basic_port_allocator.cc:922] Adding allocated port for 0
[26024:18940:0625/171105.032:INFO:third_party\webrtc\p2p\client\basic_port_allocator.cc:942] Port[2a7e000:0:1:0:host:Net[any:0:0:0:x:x:x:x:x/0:Wildcard:id=0]]: Added port to allocator
[26024:18940:0625/171105.032:INFO:third_party\webrtc\p2p\base\tcp_port.cc:185] Port[2a7e000:0:1:0:host:Net[any:0:0:0:x:x:x:x:x/0:Wildcard:id=0]]: Not listening due to firewall restrictions.
[26024:18940:0625/171105.032:INFO:third_party\webrtc\p2p\client\basic_port_allocator.cc:959] Port[20ab400:0:1:0:host:Net[any:0.0.0.x/0:Wildcard:id=0]]: Gathered candidate: Cand[:1413540657:1:tcp:1509957375:165f14c2-c205-438f-bdc0-f85357aa23ff.local:9:host::0:cJdX:t5qRtZB+BU/j7fsEdBMZrVXR:0:999:0]
[26024:18940:0625/171105.032:INFO:third_party\webrtc\p2p\client\basic_port_allocator.cc:992] Port[20ab400:0:1:0:host:Net[any:0.0.0.x/0:Wildcard:id=0]]: Port ready.
[26024:18940:0625/171105.032:INFO:third_party\webrtc\p2p\client\basic_port_allocator.cc:1003] Discarding candidate because it doesn't match filter.
[26024:18940:0625/171105.032:INFO:third_party\webrtc\p2p\client\basic_port_allocator.cc:1104] Port[20ab400:0:1:0:host:Net[any:0.0.0.x/0:Wildcard:id=0]]: Port completed gathering candidates.
[26024:18940:0625/171105.032:INFO:third_party\webrtc\p2p\client\basic_port_allocator.cc:959] Port[2a7e000:0:1:0:host:Net[any:0:0:0:x:x:x:x:x/0:Wildcard:id=0]]: Gathered candidate: Cand[:2079523830:1:tcp:1509949951:ab219cca-10fc-40d2-b0af-e5979f0c190e.local:9:host::0:cJdX:t5qRtZB+BU/j7fsEdBMZrVXR:0:999:0]
[26024:18940:0625/171105.032:INFO:third_party\webrtc\p2p\client\basic_port_allocator.cc:992] Port[2a7e000:0:1:0:host:Net[any:0:0:0:x:x:x:x:x/0:Wildcard:id=0]]: Port ready.
[26024:18940:0625/171105.032:INFO:third_party\webrtc\p2p\client\basic_port_allocator.cc:1003] Discarding candidate because it doesn't match filter.
[26024:18940:0625/171105.032:INFO:third_party\webrtc\p2p\client\basic_port_allocator.cc:1104] Port[2a7e000:0:1:0:host:Net[any:0:0:0:x:x:x:x:x/0:Wildcard:id=0]]: Port completed gathering candidates.
[26024:18940:0625/171105.032:INFO:third_party\webrtc\p2p\client\basic_port_allocator.cc:1178] All candidates gathered for 0:1:0
[26024:18940:0625/171105.032:INFO:third_party\webrtc\p2p\base\p2p_transport_channel.cc:964] P2PTransportChannel: 0, component 1 gathering complete
[27040:26520:0625/171105.139:ERROR:gpu\command_buffer\service\gles2_cmd_decoder_passthrough.cc:1095] [GroupMarkerNotSet(crbug.com/242999)!:A0902A00FC010000]Automatic fallback to software WebGL has been deprecated. Please use the --enable-unsafe-swiftshader (about:flags#enable-unsafe-swiftshader) flag to opt in to lower security guarantees for trusted content.
[25388:28480:0625/171105.145:INFO:CONSOLE:0] "[GroupMarkerNotSet(crbug.com/242999)!:A0902A00FC010000]Automatic fallback to software WebGL has been deprecated. Please use the --enable-unsafe-swiftshader (about:flags#enable-unsafe-swiftshader) flag to opt in to lower security guarantees for trusted content.", source: https://plogin.m.jd.com/login/login?appid=2193&czLogin=1&returnurl=https%3A%2F%2Fsearch.jd.com%2FSearch%3Fkeyword%3D%25E7%25AC%2594%25E8%25AE%25B0%25E6%259C%25AC%25E7%2594%25B5%25E8%2584%2591 (0)
[25388:14120:0625/171107.173:ERROR:google_apis\gcm\engine\registration_request.cc:291] Registration response error message: DEPRECATED_ENDPOINT
[25388:28480:0625/171109.342:INFO:CONSOLE:0] "Access to XMLHttpRequest at 'https://blackhole.m.jd.com/bypass' from origin 'https://plogin.m.jd.com' has been blocked by CORS policy: The value of the 'Access-Control-Allow-Origin' header in the response must not be the wildcard '*' when the request's credentials mode is 'include'. The credentials mode of requests initiated by the XMLHttpRequest is controlled by the withCredentials attribute.", source: https://plogin.m.jd.com/login/login?appid=2193&czLogin=1&returnurl=https%3A%2F%2Fsearch.jd.com%2FSearch%3Fkeyword%3D%25E7%25AC%2594%25E8%25AE%25B0%25E6%259C%25AC%25E7%2594%25B5%25E8%2584%2591 (0)
[27040:26520:0625/171119.986:ERROR:gpu\command_buffer\service\gles2_cmd_decoder_passthrough.cc:1095] [GroupMarkerNotSet(crbug.com/242999)!:A0902A00FC010000]Automatic fallback to software WebGL has been deprecated. Please use the --enable-unsafe-swiftshader (about:flags#enable-unsafe-swiftshader) flag to opt in to lower security guarantees for trusted content.
[27040:26520:0625/171119.990:ERROR:gpu\command_buffer\service\gles2_cmd_decoder_passthrough.cc:1095] [GroupMarkerNotSet(crbug.com/242999)!:A0302A00FC010000]Automatic fallback to software WebGL has been deprecated. Please use the --enable-unsafe-swiftshader (about:flags#enable-unsafe-swiftshader) flag to opt in to lower security guarantees for trusted content.
[27040:26520:0625/171119.995:ERROR:gpu\command_buffer\service\gl_utils.cc:443] [.WebGL-0x24ac0013e200]GL Driver Message (OpenGL, Performance, GL_CLOSE_PATH_NV, High): GPU stall due to ReadPixels
[27040:26520:0625/171120.089:ERROR:gpu\command_buffer\service\gles2_cmd_decoder_passthrough.cc:1095] [GroupMarkerNotSet(crbug.com/242999)!:A0602A00FC010000]Automatic fallback to software WebGL has been deprecated. Please use the --enable-unsafe-swiftshader (about:flags#enable-unsafe-swiftshader) flag to opt in to lower security guarantees for trusted content.
[27040:26520:0625/171120.092:ERROR:gpu\command_buffer\service\gles2_cmd_decoder_passthrough.cc:1095] [GroupMarkerNotSet(crbug.com/242999)!:A0002A00FC010000]Automatic fallback to software WebGL has been deprecated. Please use the --enable-unsafe-swiftshader (about:flags#enable-unsafe-swiftshader) flag to opt in to lower security guarantees for trusted content.
[25388:28480:0625/171120.102:INFO:CONSOLE:0] "[GroupMarkerNotSet(crbug.com/242999)!:A0902A00FC010000]Automatic fallback to software WebGL has been deprecated. Please use the --enable-unsafe-swiftshader (about:flags#enable-unsafe-swiftshader) flag to opt in to lower security guarantees for trusted content.", source: https://plogin.m.jd.com/login/login?appid=2193&czLogin=1&returnurl=https%3A%2F%2Fsearch.jd.com%2FSearch%3Fkeyword%3D%25E7%25AC%2594%25E8%25AE%25B0%25E6%259C%25AC%25E7%2594%25B5%25E8%2584%2591 (0)
[25388:28480:0625/171120.102:INFO:CONSOLE:0] "[GroupMarkerNotSet(crbug.com/242999)!:A0302A00FC010000]Automatic fallback to software WebGL has been deprecated. Please use the --enable-unsafe-swiftshader (about:flags#enable-unsafe-swiftshader) flag to opt in to lower security guarantees for trusted content.", source: https://plogin.m.jd.com/login/login?appid=2193&czLogin=1&returnurl=https%3A%2F%2Fsearch.jd.com%2FSearch%3Fkeyword%3D%25E7%25AC%2594%25E8%25AE%25B0%25E6%259C%25AC%25E7%2594%25B5%25E8%2584%2591 (0)
[25388:28480:0625/171120.102:INFO:CONSOLE:0] "[.WebGL-0x24ac0013e200]GL Driver Message (OpenGL, Performance, GL_CLOSE_PATH_NV, High): GPU stall due to ReadPixels", source: https://plogin.m.jd.com/login/login?appid=2193&czLogin=1&returnurl=https%3A%2F%2Fsearch.jd.com%2FSearch%3Fkeyword%3D%25E7%25AC%2594%25E8%25AE%25B0%25E6%259C%25AC%25E7%2594%25B5%25E8%2584%2591 (0)
[25388:28480:0625/171120.102:INFO:CONSOLE:0] "[GroupMarkerNotSet(crbug.com/242999)!:A0602A00FC010000]Automatic fallback to software WebGL has been deprecated. Please use the --enable-unsafe-swiftshader (about:flags#enable-unsafe-swiftshader) flag to opt in to lower security guarantees for trusted content.", source: https://plogin.m.jd.com/login/login?appid=2193&czLogin=1&returnurl=https%3A%2F%2Fsearch.jd.com%2FSearch%3Fkeyword%3D%25E7%25AC%2594%25E8%25AE%25B0%25E6%259C%25AC%25E7%2594%25B5%25E8%2584%2591 (0)
[25388:28480:0625/171120.102:INFO:CONSOLE:0] "[GroupMarkerNotSet(crbug.com/242999)!:A0002A00FC010000]Automatic fallback to software WebGL has been deprecated. Please use the --enable-unsafe-swiftshader (about:flags#enable-unsafe-swiftshader) flag to opt in to lower security guarantees for trusted content.", source: https://plogin.m.jd.com/login/login?appid=2193&czLogin=1&returnurl=https%3A%2F%2Fsearch.jd.com%2FSearch%3Fkeyword%3D%25E7%25AC%2594%25E8%25AE%25B0%25E6%259C%25AC%25E7%2594%25B5%25E8%2584%2591 (0)
[25388:28480:0625/171121.751:INFO:CONSOLE:0] "Access to XMLHttpRequest at 'https://jcapmonitor.m.jd.com/web_jcap_report?appID=&uid=&sid=WBSKcgABAAAFkvfW-hIAMCV8JwGTDANKYxbOhRGmazpsoJyEUs_xVT-3s5Ouyt294xZxKsdV8UXRX2xCsaldcwAAAAA&interfaceId=268435460&fp=_N7faRS7OcHv3w5o97SqthHid5g_OId_ugrOpTAhyA0bOxHvz5vwyE4Nm7ho7mFJ2MvkZASCIAggJAIOucqB9Q%3D%3D&os=m&netType=unknown&status=0&callTime=393' from origin 'https://plogin.m.jd.com' has been blocked by CORS policy: The value of the 'Access-Control-Allow-Origin' header in the response must not be the wildcard '*' when the request's credentials mode is 'include'. The credentials mode of requests initiated by the XMLHttpRequest is controlled by the withCredentials attribute.", source: https://plogin.m.jd.com/login/login?appid=2193&czLogin=1&returnurl=https%3A%2F%2Fsearch.jd.com%2FSearch%3Fkeyword%3D%25E7%25AC%2594%25E8%25AE%25B0%25E6%259C%25AC%25E7%2594%25B5%25E8%2584%2591 (0)
[25388:28480:0625/171121.802:INFO:CONSOLE:0] "Access to XMLHttpRequest at 'https://jcapmonitor.m.jd.com/web_jcap_report?appID=&uid=&sid=WBSKcgABAAAFkvfW-hIAMCV8JwGTDANKYxbOhRGmazpsoJyEUs_xVT-3s5Ouyt294xZxKsdV8UXRX2xCsaldcwAAAAA&interfaceId=268435458&fp=_N7faRS7OcHv3w5o97SqthHid5g_OId_ugrOpTAhyA0bOxHvz5vwyE4Nm7ho7mFJ2MvkZASCIAggJAIOucqB9Q%3D%3D&os=m&netType=unknown&status=0&callTime=335' from origin 'https://plogin.m.jd.com' has been blocked by CORS policy: The value of the 'Access-Control-Allow-Origin' header in the response must not be the wildcard '*' when the request's credentials mode is 'include'. The credentials mode of requests initiated by the XMLHttpRequest is controlled by the withCredentials attribute.", source: https://plogin.m.jd.com/login/login?appid=2193&czLogin=1&returnurl=https%3A%2F%2Fsearch.jd.com%2FSearch%3Fkeyword%3D%25E7%25AC%2594%25E8%25AE%25B0%25E6%259C%25AC%25E7%2594%25B5%25E8%2584%2591 (0)
